#
# A fatal error has been detected by the Java Runtime Environment:
#
#  SIGSEGV (0xb) at pc=0x00007f409505b4ba, pid=25575, tid=139913955395328
#
# JRE version: OpenJDK Runtime Environment (7.0_79-b14) (build 1.7.0_79-b14)
# Java VM: OpenJDK 64-Bit Server VM (24.79-b02 mixed mode linux-amd64 compressed oops)
# Derivative: IcedTea 2.5.6
# Distribution: Ubuntu 14.04 LTS, package 7u79-2.5.6-0ubuntu1.14.04.1
# Problematic frame:
# v  ~BufferBlob::jni_fast_GetLongField
#
# Failed to write core dump. Core dumps have been disabled. To enable core dumping, try "ulimit -c unlimited" before starting Java again
#
# If you would like to submit a bug report, please include
# instructions on how to reproduce the bug and visit:
#   http://icedtea.classpath.org/bugzilla
# The crash happened outside the Java Virtual Machine in native code.
# See problematic frame for where to report the bug.
#

---------------  T H R E A D  ---------------

Current thread (0x00007f40544a0000):  JavaThread "AWT-XAWT" daemon [_thread_in_native, id=25626, stack(0x00007f40418c4000,0x00007f40419c5000)]

siginfo:si_signo=SIGSEGV: si_errno=0, si_code=1 (SEGV_MAPERR), si_addr=0x0000000000000000

Registers:
RAX=0x00007f409f66d080, RBX=0x00007f40544a01d8, RCX=0x00007f409fae4320, RDX=0x0000000000000042
RSP=0x00007f40419c37f8, RBP=0x00007f40419c3820, RSI=0x0000000000000000, RDI=0x00007f40544a01d8
R8 =0x00000000e11cf708, R9 =0x0000000000000000, R10=0x0000000000001ab0, R11=0x00007f409f10b2f0
R12=0x00007f40280e1800, R13=0x0000000000000000, R14=0x00007f4051e28d80, R15=0x00007f40544a0000
RIP=0x00007f409505b4ba, EFLAGS=0x0000000000010246, CSGSFS=0xffff000000000033, ERR=0x0000000000000004
  TRAPNO=0x000000000000000e

Top of Stack: (sp=0x00007f40419c37f8)
0x00007f40419c37f8:   00007f4051bfa6f4 00000000d3c4c210
0x00007f40419c3808:   00007f40280e1800 00000000d3c4c210
0x00007f40419c3818:   00007f40419c3908 0000000000000000
0x00007f40419c3828:   00007f40516f8ae8 00000000d3c4c210
0x00007f40419c3838:   00007f40419c3860 0000000000000000
0x00007f40419c3848:   00007f40516f09a3 00000000d3c4c210
0x00007f40419c3858:   00007f4051bef20f 00007f40419c38d0
0x00007f40419c3868:   00007f4095012d98 0000000000000000
0x00007f40419c3878:   0000000000000000 00007f40419c38e0
0x00007f40419c3888:   00007f4095006058 00007f40419c3890
0x00007f40419c3898:   0000000000000000 00007f40419c3908
0x00007f40419c38a8:   00000000d3c52398 0000000000000000
0x00007f40419c38b8:   00000000d3c4c210 0000000000000000
0x00007f40419c38c8:   00007f40419c38f0 00007f40419c3950
0x00007f40419c38d8:   00007f4095006350 00000000e12ea248
0x00007f40419c38e8:   00007f409500ecc0 0000000000000000
0x00007f40419c38f8:   00007f40419c3950 00007f4030000db0
0x00007f40419c3908:   00000000e12b1ab0 00007f40419c3910
0x00007f40419c3918:   00000000d3c2fbec 00007f40419c3998
0x00007f40419c3928:   00000000d3c3ca30 00000000d5e19170
0x00007f40419c3938:   00000000d3c2fd80 00007f40419c38f0
0x00007f40419c3948:   00007f40419c3990 00007f40419c39e0
0x00007f40419c3958:   00007f4095006058 0000000000000000
0x00007f40419c3968:   0000000000000000 0000000000000000
0x00007f40419c3978:   0000000000000000 0000000000000000
0x00007f40419c3988:   00000000e12b1ab0 deaddeaf00000000
0x00007f40419c3998:   00000000e1214280 00007f40419c39a0
0x00007f40419c39a8:   00000000d3c2f9e5 00007f40419c39f0
0x00007f40419c39b8:   00000000d3c3ca30 0000000000000000
0x00007f40419c39c8:   00000000d3c2fa00 00007f40419c3990
0x00007f40419c39d8:   00007f40419c39f0 00007f40419c3a38
0x00007f40419c39e8:   00007f4095006706 00000000e1214280 

Instructions: (pc=0x00007f409505b4ba)
0x00007f409505b49a:   00 00 00 00 00 00 44 8b 15 bd c3 63 0a 4c 8b ce
0x00007f409505b4aa:   41 f6 c2 01 0f 85 2e 00 00 00 4d 33 ca 4d 33 ca
0x00007f409505b4ba:   4d 8b 09 4c 8b da 49 c1 eb 02 4b 8b 04 19 49 bb
0x00007f409505b4ca:   64 78 69 9f 40 7f 00 00 4c 33 d8 4c 33 d8 45 3b 

Register to memory mapping:

RAX=0x00007f409f66d080: <offset 0xdbf080> in /usr/lib/jvm/java-7-openjdk-amd64/jre/lib/amd64/server/libjvm.so at 0x00007f409e8ae000
RBX=0x00007f40544a01d8 is an unknown value
RCX=0x00007f409fae4320: <offset 0x219320> in /lib/x86_64-linux-gnu/libpthread.so.0 at 0x00007f409f8cb000
RDX=0x0000000000000042 is an unknown value
RSP=0x00007f40419c37f8 is pointing into the stack for thread: 0x00007f40544a0000
RBP=0x00007f40419c3820 is pointing into the stack for thread: 0x00007f40544a0000
RSI=0x0000000000000000 is an unknown value
RDI=0x00007f40544a01d8 is an unknown value
R8 =0x00000000e11cf708 is an oop
java.util.logging.Level 
 - klass: 'java/util/logging/Level'
R9 =0x0000000000000000 is an unknown value
R10=0x0000000000001ab0 is an unknown value
R11=0x00007f409f10b2f0: <offset 0x85d2f0> in /usr/lib/jvm/java-7-openjdk-amd64/jre/lib/amd64/server/libjvm.so at 0x00007f409e8ae000
R12=0x00007f40280e1800 is an unknown value
R13=0x0000000000000000 is an unknown value
R14=0x00007f4051e28d80: <offset 0x24ad80> in /usr/lib/jvm/java-7-openjdk-amd64/jre/lib/amd64/xawt/libmawt.so at 0x00007f4051bde000
R15=0x00007f40544a0000 is a thread


Stack: [0x00007f40418c4000,0x00007f40419c5000],  sp=0x00007f40419c37f8,  free space=1021k
Native frames: (J=compiled Java code, j=interpreted, Vv=VM code, C=native code)
v  ~BufferBlob::jni_fast_GetLongField

Java frames: (J=compiled Java code, j=interpreted, Vv=VM code)
j  sun.awt.X11.XlibWrapper.XFilterEvent(JJ)Z+0
j  sun.awt.X11.XToolkit.run(Z)V+300
j  sun.awt.X11.XToolkit.run()V+5
j  java.lang.Thread.run()V+11
v  ~StubRoutines::call_stub

---------------  P R O C E S S  ---------------

Java Threads: ( => current thread )
  0x00007f40280fb000 JavaThread "TimerQueue" daemon [_thread_blocked, id=25630, stack(0x00007f4040fe2000,0x00007f40410e3000)]
=>0x00007f40544a0000 JavaThread "AWT-XAWT" daemon [_thread_in_native, id=25626, stack(0x00007f40418c4000,0x00007f40419c5000)]
  0x00007f4054484000 JavaThread "Java2D Disposer" daemon [_thread_blocked, id=25625, stack(0x00007f4041dd5000,0x00007f4041ed6000)]
  0x00007f4098175000 JavaThread "Service Thread" daemon [_thread_blocked, id=25589, stack(0x00007f4091f1f000,0x00007f4092020000)]
  0x00007f4098173000 JavaThread "C2 CompilerThread1" daemon [_thread_blocked, id=25588, stack(0x00007f4092020000,0x00007f4092121000)]
  0x00007f4098170000 JavaThread "C2 CompilerThread0" daemon [_thread_blocked, id=25587, stack(0x00007f4092121000,0x00007f4092222000)]
  0x00007f409816e000 JavaThread "Signal Dispatcher" daemon [_thread_blocked, id=25586, stack(0x00007f4092222000,0x00007f4092323000)]
  0x00007f4098143000 JavaThread "Finalizer" daemon [_thread_blocked, id=25585, stack(0x00007f4092af3000,0x00007f4092bf4000)]
  0x00007f4098141000 JavaThread "Reference Handler" daemon [_thread_blocked, id=25584, stack(0x00007f4092bf4000,0x00007f4092cf5000)]
  0x00007f409800a000 JavaThread "main" [_thread_in_native, id=25578, stack(0x00007f40a03bd000,0x00007f40a04be000)]

Other Threads:
  0x00007f409813c800 VMThread [stack: 0x00007f4092cf5000,0x00007f4092df6000] [id=25583]
  0x00007f4098180000 WatcherThread [stack: 0x00007f4091e1e000,0x00007f4091f1f000] [id=25590]

VM state:not at safepoint (normal execution)

VM Mutex/Monitor currently owned by a thread: None

Heap
 PSYoungGen      total 164864K, used 142386K [0x00000000f5500000, 0x00000000ffe00000, 0x0000000100000000)
  eden space 157696K, 90% used [0x00000000f5500000,0x00000000fdfd4948,0x00000000fef00000)
  from space 7168K, 3% used [0x00000000ff700000,0x00000000ff738000,0x00000000ffe00000)
  to   space 7680K, 0% used [0x00000000fef00000,0x00000000fef00000,0x00000000ff680000)
 ParOldGen       total 165376K, used 37265K [0x00000000e0000000, 0x00000000ea180000, 0x00000000f5500000)
  object space 165376K, 22% used [0x00000000e0000000,0x00000000e24646a8,0x00000000ea180000)
 PSPermGen       total 262144K, used 259567K [0x00000000d0000000, 0x00000000e0000000, 0x00000000e0000000)
  object space 262144K, 99% used [0x00000000d0000000,0x00000000dfd7bdc0,0x00000000e0000000)

Card table byte_map: [0x00007f409ce81000,0x00007f409d002000] byte_map_base: 0x00007f409c801000

Polling page: 0x00007f40a04df000

Code Cache  [0x00007f4095000000, 0x00007f40969e0000, 0x00007f4098000000)
 total_blobs=12980 nmethods=11542 adapters=1385 free_code_cache=24677Kb largest_free_block=23259840

Compilation events (10 events):
Event: 4208.205 Thread 0x00007f4098173000 nmethod 17813 0x00007f40968ff010 code [0x00007f40968ff180, 0x00007f40968ff398]
Event: 4208.207 Thread 0x00007f4098170000 nmethod 17812 0x00007f40954ea7d0 code [0x00007f40954ea980, 0x00007f40954eac98]
Event: 4208.207 Thread 0x00007f4098173000 17814             fdur.Child$$anonfun$nsAndfd$1::apply (13 bytes)
Event: 4208.208 Thread 0x00007f4098173000 nmethod 17814 0x00007f40962c53d0 code [0x00007f40962c5540, 0x00007f40962c5678]
Event: 4208.208 Thread 0x00007f4098173000 17815             fdur.Child$$anonfun$nsAndfd$1::apply (15 bytes)
Event: 4208.209 Thread 0x00007f4098173000 nmethod 17815 0x00007f40962c4fd0 code [0x00007f40962c5120, 0x00007f40962c5218]
Event: 4208.209 Thread 0x00007f4098173000 17816             fdur.Child$$anonfun$nsAndfd$2::apply (13 bytes)
Event: 4208.209 Thread 0x00007f4098170000 17817             fdur.Child$$anonfun$nsAndfd$2::apply (15 bytes)
Event: 4208.210 Thread 0x00007f4098173000 nmethod 17816 0x00007f409633c8d0 code [0x00007f409633ca40, 0x00007f409633cb78]
Event: 4208.211 Thread 0x00007f4098170000 nmethod 17817 0x00007f409633c510 code [0x00007f409633c660, 0x00007f409633c758]

GC Heap History (10 events):
Event: 4207.518 GC heap before
{Heap before GC invocations=397 (full 13):
 PSYoungGen      total 161280K, used 149600K [0x00000000f5500000, 0x0000000100000000, 0x0000000100000000)
  eden space 149504K, 100% used [0x00000000f5500000,0x00000000fe700000,0x00000000fe700000)
  from space 11776K, 0% used [0x00000000fe700000,0x00000000fe718000,0x00000000ff280000)
  to   space 11264K, 0% used [0x00000000ff500000,0x00000000ff500000,0x0000000100000000)
 ParOldGen       total 165376K, used 37233K [0x00000000e0000000, 0x00000000ea180000, 0x00000000f5500000)
  object space 165376K, 22% used [0x00000000e0000000,0x00000000e245c6a8,0x00000000ea180000)
 PSPermGen       total 262144K, used 259333K [0x00000000d0000000, 0x00000000e0000000, 0x00000000e0000000)
  object space 262144K, 98% used [0x00000000d0000000,0x00000000dfd41560,0x00000000e0000000)
Event: 4207.521 GC heap after
Heap after GC invocations=397 (full 13):
 PSYoungGen      total 160768K, used 192K [0x00000000f5500000, 0x00000000ffd80000, 0x0000000100000000)
  eden space 152064K, 0% used [0x00000000f5500000,0x00000000f5500000,0x00000000fe980000)
  from space 8704K, 2% used [0x00000000ff500000,0x00000000ff530000,0x00000000ffd80000)
  to   space 10240K, 0% used [0x00000000fe980000,0x00000000fe980000,0x00000000ff380000)
 ParOldGen       total 165376K, used 37233K [0x00000000e0000000, 0x00000000ea180000, 0x00000000f5500000)
  object space 165376K, 22% used [0x00000000e0000000,0x00000000e245c6a8,0x00000000ea180000)
 PSPermGen       total 262144K, used 259333K [0x00000000d0000000, 0x00000000e0000000, 0x00000000e0000000)
  object space 262144K, 98% used [0x00000000d0000000,0x00000000dfd41560,0x00000000e0000000)
}
Event: 4207.677 GC heap before
{Heap before GC invocations=398 (full 13):
 PSYoungGen      total 160768K, used 152256K [0x00000000f5500000, 0x00000000ffd80000, 0x0000000100000000)
  eden space 152064K, 100% used [0x00000000f5500000,0x00000000fe980000,0x00000000fe980000)
  from space 8704K, 2% used [0x00000000ff500000,0x00000000ff530000,0x00000000ffd80000)
  to   space 10240K, 0% used [0x00000000fe980000,0x00000000fe980000,0x00000000ff380000)
 ParOldGen       total 165376K, used 37233K [0x00000000e0000000, 0x00000000ea180000, 0x00000000f5500000)
  object space 165376K, 22% used [0x00000000e0000000,0x00000000e245c6a8,0x00000000ea180000)
 PSPermGen       total 262144K, used 259335K [0x00000000d0000000, 0x00000000e0000000, 0x00000000e0000000)
  object space 262144K, 98% used [0x00000000d0000000,0x00000000dfd41e50,0x00000000e0000000)
Event: 4207.680 GC heap after
Heap after GC invocations=398 (full 13):
 PSYoungGen      total 162304K, used 288K [0x00000000f5500000, 0x0000000100000000, 0x0000000100000000)
  eden space 152064K, 0% used [0x00000000f5500000,0x00000000f5500000,0x00000000fe980000)
  from space 10240K, 2% used [0x00000000fe980000,0x00000000fe9c8000,0x00000000ff380000)
  to   space 9728K, 0% used [0x00000000ff680000,0x00000000ff680000,0x0000000100000000)
 ParOldGen       total 165376K, used 37233K [0x00000000e0000000, 0x00000000ea180000, 0x00000000f5500000)
  object space 165376K, 22% used [0x00000000e0000000,0x00000000e245c6a8,0x00000000ea180000)
 PSPermGen       total 262144K, used 259335K [0x00000000d0000000, 0x00000000e0000000, 0x00000000e0000000)
  object space 262144K, 98% used [0x00000000d0000000,0x00000000dfd41e50,0x00000000e0000000)
}
Event: 4207.824 GC heap before
{Heap before GC invocations=399 (full 13):
 PSYoungGen      total 162304K, used 152352K [0x00000000f5500000, 0x0000000100000000, 0x0000000100000000)
  eden space 152064K, 100% used [0x00000000f5500000,0x00000000fe980000,0x00000000fe980000)
  from space 10240K, 2% used [0x00000000fe980000,0x00000000fe9c8000,0x00000000ff380000)
  to   space 9728K, 0% used [0x00000000ff680000,0x00000000ff680000,0x0000000100000000)
 ParOldGen       total 165376K, used 37233K [0x00000000e0000000, 0x00000000ea180000, 0x00000000f5500000)
  object space 165376K, 22% used [0x00000000e0000000,0x00000000e245c6a8,0x00000000ea180000)
 PSPermGen       total 262144K, used 259335K [0x00000000d0000000, 0x00000000e0000000, 0x00000000e0000000)
  object space 262144K, 98% used [0x00000000d0000000,0x00000000dfd41f18,0x00000000e0000000)
Event: 4207.827 GC heap after
Heap after GC invocations=399 (full 13):
 PSYoungGen      total 163328K, used 224K [0x00000000f5500000, 0x00000000ffe80000, 0x0000000100000000)
  eden space 155136K, 0% used [0x00000000f5500000,0x00000000f5500000,0x00000000fec80000)
  from space 8192K, 2% used [0x00000000ff680000,0x00000000ff6b8000,0x00000000ffe80000)
  to   space 9216K, 0% used [0x00000000fec80000,0x00000000fec80000,0x00000000ff580000)
 ParOldGen       total 165376K, used 37241K [0x00000000e0000000, 0x00000000ea180000, 0x00000000f5500000)
  object space 165376K, 22% used [0x00000000e0000000,0x00000000e245e6a8,0x00000000ea180000)
 PSPermGen       total 262144K, used 259335K [0x00000000d0000000, 0x00000000e0000000, 0x00000000e0000000)
  object space 262144K, 98% used [0x00000000d0000000,0x00000000dfd41f18,0x00000000e0000000)
}
Event: 4207.993 GC heap before
{Heap before GC invocations=400 (full 13):
 PSYoungGen      total 163328K, used 155360K [0x00000000f5500000, 0x00000000ffe80000, 0x0000000100000000)
  eden space 155136K, 100% used [0x00000000f5500000,0x00000000fec80000,0x00000000fec80000)
  from space 8192K, 2% used [0x00000000ff680000,0x00000000ff6b8000,0x00000000ffe80000)
  to   space 9216K, 0% used [0x00000000fec80000,0x00000000fec80000,0x00000000ff580000)
 ParOldGen       total 165376K, used 37241K [0x00000000e0000000, 0x00000000ea180000, 0x00000000f5500000)
  object space 165376K, 22% used [0x00000000e0000000,0x00000000e245e6a8,0x00000000ea180000)
 PSPermGen       total 262144K, used 259480K [0x00000000d0000000, 0x00000000e0000000, 0x00000000e0000000)
  object space 262144K, 98% used [0x00000000d0000000,0x00000000dfd663d8,0x00000000e0000000)
Event: 4207.996 GC heap after
Heap after GC invocations=400 (full 13):
 PSYoungGen      total 164352K, used 288K [0x00000000f5500000, 0x00000000fff00000, 0x0000000100000000)
  eden space 155136K, 0% used [0x00000000f5500000,0x00000000f5500000,0x00000000fec80000)
  from space 9216K, 3% used [0x00000000fec80000,0x00000000fecc8000,0x00000000ff580000)
  to   space 8192K, 0% used [0x00000000ff700000,0x00000000ff700000,0x00000000fff00000)
 ParOldGen       total 165376K, used 37241K [0x00000000e0000000, 0x00000000ea180000, 0x00000000f5500000)
  object space 165376K, 22% used [0x00000000e0000000,0x00000000e245e6a8,0x00000000ea180000)
 PSPermGen       total 262144K, used 259480K [0x00000000d0000000, 0x00000000e0000000, 0x00000000e0000000)
  object space 262144K, 98% used [0x00000000d0000000,0x00000000dfd663d8,0x00000000e0000000)
}
Event: 4208.131 GC heap before
{Heap before GC invocations=401 (full 13):
 PSYoungGen      total 164352K, used 155424K [0x00000000f5500000, 0x00000000fff00000, 0x0000000100000000)
  eden space 155136K, 100% used [0x00000000f5500000,0x00000000fec80000,0x00000000fec80000)
  from space 9216K, 3% used [0x00000000fec80000,0x00000000fecc8000,0x00000000ff580000)
  to   space 8192K, 0% used [0x00000000ff700000,0x00000000ff700000,0x00000000fff00000)
 ParOldGen       total 165376K, used 37241K [0x00000000e0000000, 0x00000000ea180000, 0x00000000f5500000)
  object space 165376K, 22% used [0x00000000e0000000,0x00000000e245e6a8,0x00000000ea180000)
 PSPermGen       total 262144K, used 259483K [0x00000000d0000000, 0x00000000e0000000, 0x00000000e0000000)
  object space 262144K, 98% used [0x00000000d0000000,0x00000000dfd66c58,0x00000000e0000000)
Event: 4208.134 GC heap after
Heap after GC invocations=401 (full 13):
 PSYoungGen      total 164864K, used 224K [0x00000000f5500000, 0x00000000ffe00000, 0x0000000100000000)
  eden space 157696K, 0% used [0x00000000f5500000,0x00000000f5500000,0x00000000fef00000)
  from space 7168K, 3% used [0x00000000ff700000,0x00000000ff738000,0x00000000ffe00000)
  to   space 7680K, 0% used [0x00000000fef00000,0x00000000fef00000,0x00000000ff680000)
 ParOldGen       total 165376K, used 37265K [0x00000000e0000000, 0x00000000ea180000, 0x00000000f5500000)
  object space 165376K, 22% used [0x00000000e0000000,0x00000000e24646a8,0x00000000ea180000)
 PSPermGen       total 262144K, used 259483K [0x00000000d0000000, 0x00000000e0000000, 0x00000000e0000000)
  object space 262144K, 98% used [0x00000000d0000000,0x00000000dfd66c58,0x00000000e0000000)
}

Deoptimization events (10 events):
Event: 4207.968 Thread 0x00007f4098c2f800 Uncommon trap: reason=class_check action=maybe_recompile pc=0x00007f40969cde94 method=breeze.linalg.DenseVector$$anon$3.apply(Ljava/lang/Object;Ljava/lang/Object;)V @ 2
Event: 4207.968 Thread 0x00007f4098c2f800 Uncommon trap: reason=class_check action=maybe_recompile pc=0x00007f40969cde94 method=breeze.linalg.DenseVector$$anon$3.apply(Ljava/lang/Object;Ljava/lang/Object;)V @ 2
Event: 4207.969 Thread 0x00007f4098c2f800 Uncommon trap: reason=bimorphic action=maybe_recompile pc=0x00007f4095c9b7cc method=breeze.linalg.ImmutableNumericOps$class.$div(Lbreeze/linalg/ImmutableNumericOps;Ljava/lang/Object;Lbreeze/generic/UFunc$UImpl2;)Ljava/lang/Object; @ 2
Event: 4207.969 Thread 0x00007f4098c2f800 Uncommon trap: reason=class_check action=maybe_recompile pc=0x00007f409689a8ac method=breeze.linalg.operators.DenseMatrixOps$$anon$23.apply$mcD$sp(Lbreeze/linalg/DenseMatrix;D)V @ 1
Event: 4207.969 Thread 0x00007f4098c2f800 Uncommon trap: reason=bimorphic action=maybe_recompile pc=0x00007f4095c9b7cc method=breeze.linalg.ImmutableNumericOps$class.$div(Lbreeze/linalg/ImmutableNumericOps;Ljava/lang/Object;Lbreeze/generic/UFunc$UImpl2;)Ljava/lang/Object; @ 2
Event: 4207.969 Thread 0x00007f4098c2f800 Uncommon trap: reason=class_check action=maybe_recompile pc=0x00007f409689a8ac method=breeze.linalg.operators.DenseMatrixOps$$anon$23.apply$mcD$sp(Lbreeze/linalg/DenseMatrix;D)V @ 1
Event: 4207.969 Thread 0x00007f4098c2f800 Uncommon trap: reason=bimorphic action=maybe_recompile pc=0x00007f4095c9b7cc method=breeze.linalg.ImmutableNumericOps$class.$div(Lbreeze/linalg/ImmutableNumericOps;Ljava/lang/Object;Lbreeze/generic/UFunc$UImpl2;)Ljava/lang/Object; @ 2
Event: 4207.969 Thread 0x00007f4098c2f800 Uncommon trap: reason=class_check action=maybe_recompile pc=0x00007f409689a8ac method=breeze.linalg.operators.DenseMatrixOps$$anon$23.apply$mcD$sp(Lbreeze/linalg/DenseMatrix;D)V @ 1
Event: 4207.987 Thread 0x00007f4098c2f800 Uncommon trap: reason=class_check action=maybe_recompile pc=0x00007f409689a8ac method=breeze.linalg.operators.DenseMatrixOps$$anon$23.apply$mcD$sp(Lbreeze/linalg/DenseMatrix;D)V @ 1
Event: 64955.565 Thread 0x00007f40544a0000 Uncommon trap: reason=class_check action=maybe_recompile pc=0x00007f409614d7ac method=sun.awt.X11.XToolkit.dispatchEvent(Lsun/awt/X11/XEvent;)V @ 159

Internal exceptions (10 events):
Event: 4208.244 Thread 0x00007f4098c2f800 Threw 0x00000000fc7e5f78 at /build/openjdk-7-FO0dNI/openjdk-7-7u79-2.5.6/build/openjdk/hotspot/src/share/vm/prims/jvm.cpp:1284
Event: 4208.244 Thread 0x00007f4098c2f800 Threw 0x00000000fc7ef1f0 at /build/openjdk-7-FO0dNI/openjdk-7-7u79-2.5.6/build/openjdk/hotspot/src/share/vm/prims/jvm.cpp:1284
Event: 4208.244 Thread 0x00007f4098c2f800 Threw 0x00000000fc7ef8e0 at /build/openjdk-7-FO0dNI/openjdk-7-7u79-2.5.6/build/openjdk/hotspot/src/share/vm/prims/jvm.cpp:1284
Event: 4208.244 Thread 0x00007f4098c2f800 Threw 0x00000000fc7f0928 at /build/openjdk-7-FO0dNI/openjdk-7-7u79-2.5.6/build/openjdk/hotspot/src/share/vm/prims/jvm.cpp:1284
Event: 4208.244 Thread 0x00007f4098c2f800 Threw 0x00000000fc7f94e8 at /build/openjdk-7-FO0dNI/openjdk-7-7u79-2.5.6/build/openjdk/hotspot/src/share/vm/prims/jvm.cpp:1284
Event: 4208.245 Thread 0x00007f4098c2f800 Threw 0x00000000fc7f9bd8 at /build/openjdk-7-FO0dNI/openjdk-7-7u79-2.5.6/build/openjdk/hotspot/src/share/vm/prims/jvm.cpp:1284
Event: 4208.245 Thread 0x00007f4098c2f800 Threw 0x00000000fc7fac20 at /build/openjdk-7-FO0dNI/openjdk-7-7u79-2.5.6/build/openjdk/hotspot/src/share/vm/prims/jvm.cpp:1284
Event: 4208.245 Thread 0x00007f4098c2f800 Threw 0x00000000fc803c20 at /build/openjdk-7-FO0dNI/openjdk-7-7u79-2.5.6/build/openjdk/hotspot/src/share/vm/prims/jvm.cpp:1284
Event: 4208.245 Thread 0x00007f4098c2f800 Threw 0x00000000fc8043b0 at /build/openjdk-7-FO0dNI/openjdk-7-7u79-2.5.6/build/openjdk/hotspot/src/share/vm/prims/jvm.cpp:1284
Event: 4208.245 Thread 0x00007f4098c2f800 Threw 0x00000000fc805678 at /build/openjdk-7-FO0dNI/openjdk-7-7u79-2.5.6/build/openjdk/hotspot/src/share/vm/prims/jvm.cpp:1284

Events (10 events):
Event: 64956.581 Thread 0x00007f4030015000 Thread exited: 0x00007f4030015000
Event: 64956.581 Thread 0x00007f4030006000 Thread exited: 0x00007f4030006000
Event: 64986.204 Thread 0x00007f4030015000 Thread added: 0x00007f4030015000
Event: 64986.214 Thread 0x00007f4030006000 Thread added: 0x00007f4030006000
Event: 64987.216 Executing VM operation: RevokeBias
Event: 64987.216 Executing VM operation: RevokeBias done
Event: 64987.217 Thread 0x00007f4030015000 Thread exited: 0x00007f4030015000
Event: 64987.217 Thread 0x00007f4030006000 Thread exited: 0x00007f4030006000
Event: 65111.782 loading class 0x00007f40647f3a50
Event: 65111.784 loading class 0x00007f40647f3a50 done


Dynamic libraries:
00400000-00401000 r-xp 00000000 08:08 1537170                            /usr/lib/jvm/java-7-openjdk-amd64/jre/bin/java
00600000-00601000 r--p 00000000 08:08 1537170                            /usr/lib/jvm/java-7-openjdk-amd64/jre/bin/java
00601000-00602000 rw-p 00001000 08:08 1537170                            /usr/lib/jvm/java-7-openjdk-amd64/jre/bin/java
0207d000-0209e000 rw-p 00000000 00:00 0                                  [heap]
d0000000-e0000000 rw-p 00000000 00:00 0 
e0000000-ea180000 rw-p 00000000 00:00 0 
ea180000-ee400000 ---p 00000000 00:00 0 
ee400000-f5500000 rw-p 00000000 00:00 0 
f5500000-ffe00000 rw-p 00000000 00:00 0 
ffe00000-100000000 ---p 00000000 00:00 0 
7f4026bb4000-7f4026c8e000 rw-s 00000000 00:04 44597277                   /SYSV00000000 (deleted)
7f402737a000-7f4027508000 r-xp 00000000 08:08 918233                     /tmp/jniloader8623339552215717290netlib-native_system-linux-x86_64.so
7f4027508000-7f4027707000 ---p 0018e000 08:08 918233                     /tmp/jniloader8623339552215717290netlib-native_system-linux-x86_64.so
7f4027707000-7f4027709000 rw-p 0018d000 08:08 918233                     /tmp/jniloader8623339552215717290netlib-native_system-linux-x86_64.so
7f4027709000-7f402770a000 rw-p 00000000 00:00 0 
7f40278e0000-7f4027a6e000 r-xp 00000000 08:08 918239                     /tmp/jniloader8728415267447306427netlib-native_system-linux-x86_64.so
7f4027a6e000-7f4027c6d000 ---p 0018e000 08:08 918239                     /tmp/jniloader8728415267447306427netlib-native_system-linux-x86_64.so
7f4027c6d000-7f4027c6f000 rw-p 0018d000 08:08 918239                     /tmp/jniloader8728415267447306427netlib-native_system-linux-x86_64.so
7f4027c6f000-7f4027c70000 rw-p 00000000 00:00 0 
7f4027c70000-7f4027dfe000 r-xp 00000000 08:08 918238                     /tmp/jniloader6319577978455039717netlib-native_system-linux-x86_64.so
7f4027dfe000-7f4027ffd000 ---p 0018e000 08:08 918238                     /tmp/jniloader6319577978455039717netlib-native_system-linux-x86_64.so
7f4027ffd000-7f4027fff000 rw-p 0018d000 08:08 918238                     /tmp/jniloader6319577978455039717netlib-native_system-linux-x86_64.so
7f4027fff000-7f4028000000 rw-p 00000000 00:00 0 
7f4028000000-7f4028362000 rw-p 00000000 00:00 0 
7f4028362000-7f402c000000 ---p 00000000 00:00 0 
7f402c000000-7f402c021000 rw-p 00000000 00:00 0 
7f402c021000-7f4030000000 ---p 00000000 00:00 0 
7f4030000000-7f4030021000 rw-p 00000000 00:00 0 
7f4030021000-7f4034000000 ---p 00000000 00:00 0 
7f4034000000-7f4034b1a000 rw-p 00000000 00:00 0 
7f4034b1a000-7f4038000000 ---p 00000000 00:00 0 
7f4038000000-7f4038021000 rw-p 00000000 00:00 0 
7f4038021000-7f403c000000 ---p 00000000 00:00 0 
7f403c000000-7f403c021000 rw-p 00000000 00:00 0 
7f403c021000-7f4040000000 ---p 00000000 00:00 0 
7f404006f000-7f40401fd000 r-xp 00000000 08:08 918185                     /tmp/jniloader8053171238329288449netlib-native_system-linux-x86_64.so
7f40401fd000-7f40403fc000 ---p 0018e000 08:08 918185                     /tmp/jniloader8053171238329288449netlib-native_system-linux-x86_64.so
7f40403fc000-7f40403fe000 rw-p 0018d000 08:08 918185                     /tmp/jniloader8053171238329288449netlib-native_system-linux-x86_64.so
7f40403fe000-7f40403ff000 rw-p 00000000 00:00 0 
7f40403ff000-7f4040c52000 rw-s 00000000 00:04 41156623                   /SYSV00000000 (deleted)
7f4040c52000-7f4040de0000 r-xp 00000000 08:08 918237                     /tmp/jniloader6389672464519063666netlib-native_system-linux-x86_64.so
7f4040de0000-7f4040fdf000 ---p 0018e000 08:08 918237                     /tmp/jniloader6389672464519063666netlib-native_system-linux-x86_64.so
7f4040fdf000-7f4040fe1000 rw-p 0018d000 08:08 918237                     /tmp/jniloader6389672464519063666netlib-native_system-linux-x86_64.so
7f4040fe1000-7f4040fe2000 rw-p 00000000 00:00 0 
7f4040fe2000-7f4040fe5000 ---p 00000000 00:00 0 
7f4040fe5000-7f40410e3000 rw-p 00000000 00:00 0                          [stack:25630]
7f404146d000-7f40414bf000 r-xp 00000000 08:08 1454799                    /usr/lib/jvm/java-7-openjdk-amd64/jre/lib/amd64/libfontmanager.so
7f40414bf000-7f40416be000 ---p 00052000 08:08 1454799                    /usr/lib/jvm/java-7-openjdk-amd64/jre/lib/amd64/libfontmanager.so
7f40416be000-7f40416c1000 r--p 00051000 08:08 1454799                    /usr/lib/jvm/java-7-openjdk-amd64/jre/lib/amd64/libfontmanager.so
7f40416c1000-7f40416c2000 rw-p 00054000 08:08 1454799                    /usr/lib/jvm/java-7-openjdk-amd64/jre/lib/amd64/libfontmanager.so
7f40416c2000-7f40416c5000 ---p 00000000 00:00 0 
7f40416c5000-7f40417c3000 rw-p 00000000 00:00 0 
7f40417c3000-7f40417c6000 ---p 00000000 00:00 0 
7f40417c6000-7f40418c4000 rw-p 00000000 00:00 0 
7f40418c4000-7f40418c7000 ---p 00000000 00:00 0 
7f40418c7000-7f40419c5000 rw-p 00000000 00:00 0                          [stack:25626]
7f40419c5000-7f40419ca000 r-xp 00000000 08:08 1444035                    /usr/lib/x86_64-linux-gnu/libXfixes.so.3.1.0
7f40419ca000-7f4041bc9000 ---p 00005000 08:08 1444035                    /usr/lib/x86_64-linux-gnu/libXfixes.so.3.1.0
7f4041bc9000-7f4041bca000 r--p 00004000 08:08 1444035                    /usr/lib/x86_64-linux-gnu/libXfixes.so.3.1.0
7f4041bca000-7f4041bcb000 rw-p 00005000 08:08 1444035                    /usr/lib/x86_64-linux-gnu/libXfixes.so.3.1.0
7f4041bcb000-7f4041bd4000 r-xp 00000000 08:08 1450015                    /usr/lib/x86_64-linux-gnu/libXcursor.so.1.0.2
7f4041bd4000-7f4041dd3000 ---p 00009000 08:08 1450015                    /usr/lib/x86_64-linux-gnu/libXcursor.so.1.0.2
7f4041dd3000-7f4041dd4000 r--p 00008000 08:08 1450015                    /usr/lib/x86_64-linux-gnu/libXcursor.so.1.0.2
7f4041dd4000-7f4041dd5000 rw-p 00009000 08:08 1450015                    /usr/lib/x86_64-linux-gnu/libXcursor.so.1.0.2
7f4041dd5000-7f4041dd8000 ---p 00000000 00:00 0 
7f4041dd8000-7f4041ed6000 rw-p 00000000 00:00 0                          [stack:25625]
7f4041ed6000-7f4041eda000 r-xp 00000000 08:08 4067262                    /lib/x86_64-linux-gnu/libgpg-error.so.0.10.0
7f4041eda000-7f40420d9000 ---p 00004000 08:08 4067262                    /lib/x86_64-linux-gnu/libgpg-error.so.0.10.0
7f40420d9000-7f40420da000 r--p 00003000 08:08 4067262                    /lib/x86_64-linux-gnu/libgpg-error.so.0.10.0
7f40420da000-7f40420db000 rw-p 00004000 08:08 4067262                    /lib/x86_64-linux-gnu/libgpg-error.so.0.10.0
7f40420db000-7f40420dd000 r-xp 00000000 08:08 4067272                    /lib/x86_64-linux-gnu/libkeyutils.so.1.4
7f40420dd000-7f40422dd000 ---p 00002000 08:08 4067272                    /lib/x86_64-linux-gnu/libkeyutils.so.1.4
7f40422dd000-7f40422de000 r--p 00002000 08:08 4067272                    /lib/x86_64-linux-gnu/libkeyutils.so.1.4
7f40422de000-7f40422df000 rw-p 00003000 08:08 4067272                    /lib/x86_64-linux-gnu/libkeyutils.so.1.4
7f40422df000-7f4042304000 r-xp 00000000 08:08 4067344                    /lib/x86_64-linux-gnu/libpng12.so.0.50.0
7f4042304000-7f4042503000 ---p 00025000 08:08 4067344                    /lib/x86_64-linux-gnu/libpng12.so.0.50.0
7f4042503000-7f4042504000 r--p 00024000 08:08 4067344                    /lib/x86_64-linux-gnu/libpng12.so.0.50.0
7f4042504000-7f4042505000 rw-p 00025000 08:08 4067344                    /lib/x86_64-linux-gnu/libpng12.so.0.50.0
7f4042505000-7f4042549000 r-xp 00000000 08:08 4063328                    /lib/x86_64-linux-gnu/libdbus-1.so.3.7.6
7f4042549000-7f4042748000 ---p 00044000 08:08 4063328                    /lib/x86_64-linux-gnu/libdbus-1.so.3.7.6
7f4042748000-7f4042749000 r--p 00043000 08:08 4063328                    /lib/x86_64-linux-gnu/libdbus-1.so.3.7.6
7f4042749000-7f404274a000 rw-p 00044000 08:08 4063328                    /lib/x86_64-linux-gnu/libdbus-1.so.3.7.6
7f404274a000-7f4042785000 r-xp 00000000 08:08 1450735                    /usr/lib/x86_64-linux-gnu/libp11-kit.so.0.0.0
7f4042785000-7f4042984000 ---p 0003b000 08:08 1450735                    /usr/lib/x86_64-linux-gnu/libp11-kit.so.0.0.0
7f4042984000-7f404298a000 r--p 0003a000 08:08 1450735                    /usr/lib/x86_64-linux-gnu/libp11-kit.so.0.0.0
7f404298a000-7f404298c000 rw-p 00040000 08:08 1450735                    /usr/lib/x86_64-linux-gnu/libp11-kit.so.0.0.0
7f404298c000-7f404299e000 r-xp 00000000 08:08 1444040                    /usr/lib/x86_64-linux-gnu/libtasn1.so.6.2.0
7f404299e000-7f4042b9e000 ---p 00012000 08:08 1444040                    /usr/lib/x86_64-linux-gnu/libtasn1.so.6.2.0
7f4042b9e000-7f4042b9f000 r--p 00012000 08:08 1444040                    /usr/lib/x86_64-linux-gnu/libtasn1.so.6.2.0
7f4042b9f000-7f4042ba0000 rw-p 00013000 08:08 1444040                    /usr/lib/x86_64-linux-gnu/libtasn1.so.6.2.0
7f4042ba0000-7f4042c1c000 r-xp 00000000 08:08 4064196                    /lib/x86_64-linux-gnu/libgcrypt.so.11.8.2
7f4042c1c000-7f4042e1c000 ---p 0007c000 08:08 4064196                    /lib/x86_64-linux-gnu/libgcrypt.so.11.8.2
7f4042e1c000-7f4042e1d000 r--p 0007c000 08:08 4064196                    /lib/x86_64-linux-gnu/libgcrypt.so.11.8.2
7f4042e1d000-7f4042e20000 rw-p 0007d000 08:08 4064196                    /lib/x86_64-linux-gnu/libgcrypt.so.11.8.2
7f4042e20000-7f4042e2a000 r-xp 00000000 08:08 1444515                    /usr/lib/x86_64-linux-gnu/libkrb5support.so.0.1
7f4042e2a000-7f4043029000 ---p 0000a000 08:08 1444515                    /usr/lib/x86_64-linux-gnu/libkrb5support.so.0.1
7f4043029000-7f404302a000 r--p 00009000 08:08 1444515                    /usr/lib/x86_64-linux-gnu/libkrb5support.so.0.1
7f404302a000-7f404302b000 rw-p 0000a000 08:08 1444515                    /usr/lib/x86_64-linux-gnu/libkrb5support.so.0.1
7f404302b000-7f404302e000 r-xp 00000000 08:08 4063790                    /lib/x86_64-linux-gnu/libcom_err.so.2.1
7f404302e000-7f404322d000 ---p 00003000 08:08 4063790                    /lib/x86_64-linux-gnu/libcom_err.so.2.1
7f404322d000-7f404322e000 r--p 00002000 08:08 4063790                    /lib/x86_64-linux-gnu/libcom_err.so.2.1
7f404322e000-7f404322f000 rw-p 00003000 08:08 4063790                    /lib/x86_64-linux-gnu/libcom_err.so.2.1
7f404322f000-7f404325b000 r-xp 00000000 08:08 1452128                    /usr/lib/x86_64-linux-gnu/libk5crypto.so.3.1
7f404325b000-7f404345a000 ---p 0002c000 08:08 1452128                    /usr/lib/x86_64-linux-gnu/libk5crypto.so.3.1
7f404345a000-7f404345c000 r--p 0002b000 08:08 1452128                    /usr/lib/x86_64-linux-gnu/libk5crypto.so.3.1
7f404345c000-7f404345d000 rw-p 0002d000 08:08 1452128                    /usr/lib/x86_64-linux-gnu/libk5crypto.so.3.1
7f404345d000-7f404345e000 rw-p 00000000 00:00 0 
7f404345e000-7f404351a000 r-xp 00000000 08:08 1444491                    /usr/lib/x86_64-linux-gnu/libkrb5.so.3.3
7f404351a000-7f404371a000 ---p 000bc000 08:08 1444491                    /usr/lib/x86_64-linux-gnu/libkrb5.so.3.3
7f404371a000-7f4043727000 r--p 000bc000 08:08 1444491                    /usr/lib/x86_64-linux-gnu/libkrb5.so.3.3
7f4043727000-7f4043729000 rw-p 000c9000 08:08 1444491                    /usr/lib/x86_64-linux-gnu/libkrb5.so.3.3
7f4043729000-7f404372e000 r-xp 00000000 08:08 1450019                    /usr/lib/x86_64-linux-gnu/libXdmcp.so.6.0.0
7f404372e000-7f404392d000 ---p 00005000 08:08 1450019                    /usr/lib/x86_64-linux-gnu/libXdmcp.so.6.0.0
7f404392d000-7f404392e000 r--p 00004000 08:08 1450019                    /usr/lib/x86_64-linux-gnu/libXdmcp.so.6.0.0
7f404392e000-7f404392f000 rw-p 00005000 08:08 1450019                    /usr/lib/x86_64-linux-gnu/libXdmcp.so.6.0.0
7f404392f000-7f4043931000 r-xp 00000000 08:08 1450008                    /usr/lib/x86_64-linux-gnu/libXau.so.6.0.0
7f4043931000-7f4043b31000 ---p 00002000 08:08 1450008                    /usr/lib/x86_64-linux-gnu/libXau.so.6.0.0
7f4043b31000-7f4043b32000 r--p 00002000 08:08 1450008                    /usr/lib/x86_64-linux-gnu/libXau.so.6.0.0
7f4043b32000-7f4043b33000 rw-p 00003000 08:08 1450008                    /usr/lib/x86_64-linux-gnu/libXau.so.6.0.0
7f4043b33000-7f4043b5a000 r-xp 00000000 08:08 4063453                    /lib/x86_64-linux-gnu/libexpat.so.1.6.0
7f4043b5a000-7f4043d5a000 ---p 00027000 08:08 4063453                    /lib/x86_64-linux-gnu/libexpat.so.1.6.0
7f4043d5a000-7f4043d5c000 r--p 00027000 08:08 4063453                    /lib/x86_64-linux-gnu/libexpat.so.1.6.0
7f4043d5c000-7f4043d5d000 rw-p 00029000 08:08 4063453                    /lib/x86_64-linux-gnu/libexpat.so.1.6.0
7f4043d5d000-7f4043dfa000 r-xp 00000000 08:08 1442459                    /usr/lib/x86_64-linux-gnu/libfreetype.so.6.11.1
7f4043dfa000-7f4043ff9000 ---p 0009d000 08:08 1442459                    /usr/lib/x86_64-linux-gnu/libfreetype.so.6.11.1
7f4043ff9000-7f4043fff000 r--p 0009c000 08:08 1442459                    /usr/lib/x86_64-linux-gnu/libfreetype.so.6.11.1
7f4043fff000-7f4044000000 rw-p 000a2000 08:08 1442459                    /usr/lib/x86_64-linux-gnu/libfreetype.so.6.11.1
7f4044000000-7f404419a000 rw-p 00000000 00:00 0 
7f404419a000-7f4048000000 ---p 00000000 00:00 0 
7f4048000000-7f40485e2000 rw-p 00000000 00:00 0 
7f40485e2000-7f404c000000 ---p 00000000 00:00 0 
7f404c000000-7f404c575000 rw-p 00000000 00:00 0 
7f404c575000-7f4050000000 ---p 00000000 00:00 0 
7f4050087000-7f4050096000 r-xp 00000000 08:08 1450112                    /usr/lib/x86_64-linux-gnu/libavahi-client.so.3.2.9
7f4050096000-7f4050296000 ---p 0000f000 08:08 1450112                    /usr/lib/x86_64-linux-gnu/libavahi-client.so.3.2.9
7f4050296000-7f4050297000 r--p 0000f000 08:08 1450112                    /usr/lib/x86_64-linux-gnu/libavahi-client.so.3.2.9
7f4050297000-7f4050298000 rw-p 00010000 08:08 1450112                    /usr/lib/x86_64-linux-gnu/libavahi-client.so.3.2.9
7f4050298000-7f40502a3000 r-xp 00000000 08:08 1450114                    /usr/lib/x86_64-linux-gnu/libavahi-common.so.3.5.3
7f40502a3000-7f40504a2000 ---p 0000b000 08:08 1450114                    /usr/lib/x86_64-linux-gnu/libavahi-common.so.3.5.3
7f40504a2000-7f40504a3000 r--p 0000a000 08:08 1450114                    /usr/lib/x86_64-linux-gnu/libavahi-common.so.3.5.3
7f40504a3000-7f40504a4000 rw-p 0000b000 08:08 1450114                    /usr/lib/x86_64-linux-gnu/libavahi-common.so.3.5.3
7f40504a4000-7f405055a000 r-xp 00000000 08:08 1444792                    /usr/lib/x86_64-linux-gnu/libgnutls.so.26.22.6
7f405055a000-7f405075a000 ---p 000b6000 08:08 1444792                    /usr/lib/x86_64-linux-gnu/libgnutls.so.26.22.6
7f405075a000-7f4050760000 r--p 000b6000 08:08 1444792                    /usr/lib/x86_64-linux-gnu/libgnutls.so.26.22.6
7f4050760000-7f4050761000 rw-p 000bc000 08:08 1444792                    /usr/lib/x86_64-linux-gnu/libgnutls.so.26.22.6
7f4050761000-7f4050762000 rw-p 00000000 00:00 0 
7f4050762000-7f40507a5000 r-xp 00000000 08:08 1444489                    /usr/lib/x86_64-linux-gnu/libgssapi_krb5.so.2.2
7f40507a5000-7f40509a5000 ---p 00043000 08:08 1444489                    /usr/lib/x86_64-linux-gnu/libgssapi_krb5.so.2.2
7f40509a5000-7f40509a6000 r--p 00043000 08:08 1444489                    /usr/lib/x86_64-linux-gnu/libgssapi_krb5.so.2.2
7f40509a6000-7f40509a8000 rw-p 00044000 08:08 1444489                    /usr/lib/x86_64-linux-gnu/libgssapi_krb5.so.2.2
7f40509a8000-7f40509c5000 r-xp 00000000 08:08 1451076                    /usr/lib/x86_64-linux-gnu/libxcb.so.1.1.0
7f40509c5000-7f4050bc5000 ---p 0001d000 08:08 1451076                    /usr/lib/x86_64-linux-gnu/libxcb.so.1.1.0
7f4050bc5000-7f4050bc6000 r--p 0001d000 08:08 1451076                    /usr/lib/x86_64-linux-gnu/libxcb.so.1.1.0
7f4050bc6000-7f4050bc7000 rw-p 0001e000 08:08 1451076                    /usr/lib/x86_64-linux-gnu/libxcb.so.1.1.0
7f4050bc7000-7f4050c01000 r-xp 00000000 08:08 1442085                    /usr/lib/x86_64-linux-gnu/libfontconfig.so.1.8.0
7f4050c01000-7f4050e00000 ---p 0003a000 08:08 1442085                    /usr/lib/x86_64-linux-gnu/libfontconfig.so.1.8.0
7f4050e00000-7f4050e02000 r--p 00039000 08:08 1442085                    /usr/lib/x86_64-linux-gnu/libfontconfig.so.1.8.0
7f4050e02000-7f4050e03000 rw-p 0003b000 08:08 1442085                    /usr/lib/x86_64-linux-gnu/libfontconfig.so.1.8.0
7f4050e03000-7f4050e6f000 r-xp 00000000 08:08 1442377                    /usr/lib/x86_64-linux-gnu/libcups.so.2
7f4050e6f000-7f405106f000 ---p 0006c000 08:08 1442377                    /usr/lib/x86_64-linux-gnu/libcups.so.2
7f405106f000-7f4051076000 r--p 0006c000 08:08 1442377                    /usr/lib/x86_64-linux-gnu/libcups.so.2
7f4051076000-7f4051077000 rw-p 00073000 08:08 1442377                    /usr/lib/x86_64-linux-gnu/libcups.so.2
7f4051077000-7f4051086000 r-xp 00000000 08:08 1449033                    /usr/lib/x86_64-linux-gnu/libXi.so.6.1.0
7f4051086000-7f4051285000 ---p 0000f000 08:08 1449033                    /usr/lib/x86_64-linux-gnu/libXi.so.6.1.0
7f4051285000-7f4051286000 r--p 0000e000 08:08 1449033                    /usr/lib/x86_64-linux-gnu/libXi.so.6.1.0
7f4051286000-7f4051287000 rw-p 0000f000 08:08 1449033                    /usr/lib/x86_64-linux-gnu/libXi.so.6.1.0
7f4051287000-7f405128c000 r-xp 00000000 08:08 1450049                    /usr/lib/x86_64-linux-gnu/libXtst.so.6.1.0
7f405128c000-7f405148b000 ---p 00005000 08:08 1450049                    /usr/lib/x86_64-linux-gnu/libXtst.so.6.1.0
7f405148b000-7f405148c000 r--p 00004000 08:08 1450049                    /usr/lib/x86_64-linux-gnu/libXtst.so.6.1.0
7f405148c000-7f405148d000 rw-p 00005000 08:08 1450049                    /usr/lib/x86_64-linux-gnu/libXtst.so.6.1.0
7f405148d000-7f4051496000 r-xp 00000000 08:08 1450022                    /usr/lib/x86_64-linux-gnu/libXrender.so.1.3.0
7f4051496000-7f4051695000 ---p 00009000 08:08 1450022                    /usr/lib/x86_64-linux-gnu/libXrender.so.1.3.0
7f4051695000-7f4051696000 r--p 00008000 08:08 1450022                    /usr/lib/x86_64-linux-gnu/libXrender.so.1.3.0
7f4051696000-7f4051697000 rw-p 00009000 08:08 1450022                    /usr/lib/x86_64-linux-gnu/libXrender.so.1.3.0
7f4051697000-7f40517c7000 r-xp 00000000 08:08 1450004                    /usr/lib/x86_64-linux-gnu/libX11.so.6.3.0
7f40517c7000-7f40519c7000 ---p 00130000 08:08 1450004                    /usr/lib/x86_64-linux-gnu/libX11.so.6.3.0
7f40519c7000-7f40519c8000 r--p 00130000 08:08 1450004                    /usr/lib/x86_64-linux-gnu/libX11.so.6.3.0
7f40519c8000-7f40519cc000 rw-p 00131000 08:08 1450004                    /usr/lib/x86_64-linux-gnu/libX11.so.6.3.0
7f40519cc000-7f40519dd000 r-xp 00000000 08:08 1442073                    /usr/lib/x86_64-linux-gnu/libXext.so.6.4.0
7f40519dd000-7f4051bdc000 ---p 00011000 08:08 1442073                    /usr/lib/x86_64-linux-gnu/libXext.so.6.4.0
7f4051bdc000-7f4051bdd000 r--p 00010000 08:08 1442073                    /usr/lib/x86_64-linux-gnu/libXext.so.6.4.0
7f4051bdd000-7f4051bde000 rw-p 00011000 08:08 1442073                    /usr/lib/x86_64-linux-gnu/libXext.so.6.4.0
7f4051bde000-7f4051c26000 r-xp 00000000 08:08 1446949                    /usr/lib/jvm/java-7-openjdk-amd64/jre/lib/amd64/xawt/libmawt.so
7f4051c26000-7f4051e25000 ---p 00048000 08:08 1446949                    /usr/lib/jvm/java-7-openjdk-amd64/jre/lib/amd64/xawt/libmawt.so
7f4051e25000-7f4051e26000 r--p 00047000 08:08 1446949                    /usr/lib/jvm/java-7-openjdk-amd64/jre/lib/amd64/xawt/libmawt.so
7f4051e26000-7f4051e29000 rw-p 00048000 08:08 1446949                    /usr/lib/jvm/java-7-openjdk-amd64/jre/lib/amd64/xawt/libmawt.so
7f4051e29000-7f4051e2a000 rw-p 00000000 00:00 0 
7f4051e2a000-7f4051eca000 r-xp 00000000 08:08 1454801                    /usr/lib/jvm/java-7-openjdk-amd64/jre/lib/amd64/libawt.so
7f4051eca000-7f40520ca000 ---p 000a0000 08:08 1454801                    /usr/lib/jvm/java-7-openjdk-amd64/jre/lib/amd64/libawt.so
7f40520ca000-7f40520cb000 r--p 000a0000 08:08 1454801                    /usr/lib/jvm/java-7-openjdk-amd64/jre/lib/amd64/libawt.so
7f40520cb000-7f40520d6000 rw-p 000a1000 08:08 1454801                    /usr/lib/jvm/java-7-openjdk-amd64/jre/lib/amd64/libawt.so
7f40520d6000-7f40520fb000 rw-p 00000000 00:00 0 
7f40520fb000-7f4052136000 r-xp 00000000 08:08 1450085                    /usr/lib/x86_64-linux-gnu/libquadmath.so.0.0.0
7f4052136000-7f4052335000 ---p 0003b000 08:08 1450085                    /usr/lib/x86_64-linux-gnu/libquadmath.so.0.0.0
7f4052335000-7f4052336000 r--p 0003a000 08:08 1450085                    /usr/lib/x86_64-linux-gnu/libquadmath.so.0.0.0
7f4052336000-7f4052337000 rw-p 0003b000 08:08 1450085                    /usr/lib/x86_64-linux-gnu/libquadmath.so.0.0.0
7f4052337000-7f4052918000 r-xp 00000000 08:08 1591403                    /usr/lib/atlas-base/atlas/liblapack.so.3.0
7f4052918000-7f4052b18000 ---p 005e1000 08:08 1591403                    /usr/lib/atlas-base/atlas/liblapack.so.3.0
7f4052b18000-7f4052b1d000 rw-p 005e1000 08:08 1591403                    /usr/lib/atlas-base/atlas/liblapack.so.3.0
7f4052b1d000-7f4052ee2000 r-xp 00000000 08:08 1591404                    /usr/lib/atlas-base/atlas/libblas.so.3.0
7f4052ee2000-7f40530e1000 ---p 003c5000 08:08 1591404                    /usr/lib/atlas-base/atlas/libblas.so.3.0
7f40530e1000-7f40530e9000 rw-p 003c4000 08:08 1591404                    /usr/lib/atlas-base/atlas/libblas.so.3.0
7f40530e9000-7f4053200000 r-xp 00000000 08:08 1450813                    /usr/lib/x86_64-linux-gnu/libgfortran.so.3.0.0
7f4053200000-7f4053400000 ---p 00117000 08:08 1450813                    /usr/lib/x86_64-linux-gnu/libgfortran.so.3.0.0
7f4053400000-7f4053401000 r--p 00117000 08:08 1450813                    /usr/lib/x86_64-linux-gnu/libgfortran.so.3.0.0
7f4053401000-7f4053403000 rw-p 00118000 08:08 1450813                    /usr/lib/x86_64-linux-gnu/libgfortran.so.3.0.0
7f4053420000-7f40535ae000 r-xp 00000000 08:08 918039                     /tmp/jniloader35432913031565221netlib-native_system-linux-x86_64.so
7f40535ae000-7f40537ad000 ---p 0018e000 08:08 918039                     /tmp/jniloader35432913031565221netlib-native_system-linux-x86_64.so
7f40537ad000-7f40537af000 rw-p 0018d000 08:08 918039                     /tmp/jniloader35432913031565221netlib-native_system-linux-x86_64.so
7f40537af000-7f40537b0000 rw-p 00000000 00:00 0 
7f40537b0000-7f40537b3000 ---p 00000000 00:00 0 
7f40537b3000-7f40538b1000 rw-p 00000000 00:00 0 
7f40538b1000-7f4053913000 r--s 00638000 08:08 6816429                    /home/yuto/.ivy2/cache/org.scalatest/scalatest_2.11/jars/scalatest_2.11-2.1.3.jar
7f4053913000-7f4053916000 r--s 0001d000 08:08 6431953                    /home/yuto/.ivy2/local/izzii/biutil_2.11/0.1/jars/biutil_2.11.jar
7f4053916000-7f4053921000 r--s 00065000 08:08 2381837                    /home/yuto/.ivy2/cache/ch.qos.logback/logback-core/jars/logback-core-1.1.3.jar
7f4053921000-7f4053927000 r--s 0003f000 08:08 2381381                    /home/yuto/.ivy2/cache/ch.qos.logback/logback-classic/jars/logback-classic-1.1.3.jar
7f4053927000-7f4053929000 r--s 00006000 08:08 4984239                    /home/yuto/.ivy2/cache/org.slf4j/slf4j-api/jars/slf4j-api-1.7.7.jar
7f4053929000-7f405392b000 r--s 00007000 08:08 4732469                    /home/yuto/.ivy2/cache/com.typesafe.scala-logging/scala-logging_2.11/jars/scala-logging_2.11-3.1.0.jar
7f405392b000-7f4053984000 r--s 004f6000 08:08 2373609                    /home/yuto/.ivy2/cache/org.scala-lang/scala-library/jars/scala-library-2.11.6.jar
7f4053984000-7f405398f000 r--s 0005d000 08:08 2373631                    /home/yuto/.ivy2/cache/org.scala-lang.modules/scala-parser-combinators_2.11/bundles/scala-parser-combinators_2.11-1.0.4.jar
7f405398f000-7f40539b0000 r--s 0015a000 08:08 2770818                    /home/yuto/.ivy2/cache/bouncycastle/bcprov-jdk14/jars/bcprov-jdk14-138.jar
7f40539b0000-7f40539b4000 r--s 0002b000 08:08 2770816                    /home/yuto/.ivy2/cache/bouncycastle/bcmail-jdk14/jars/bcmail-jdk14-138.jar
7f40539b4000-7f40539c0000 r--s 00105000 08:08 2770814                    /home/yuto/.ivy2/cache/com.lowagie/itext/jars/itext-2.1.5.jar
7f40539c0000-7f40539c2000 r--s 00008000 08:08 2379044                    /home/yuto/.ivy2/cache/commons-logging/commons-logging/jars/commons-logging-1.0.4.jar
7f40539c2000-7f40539c5000 r--s 00012000 08:08 2646736                    /home/yuto/.ivy2/cache/commons-io/commons-io/jars/commons-io-1.3.1.jar
7f40539c5000-7f40539cf000 r--s 00075000 08:08 4603114                    /home/yuto/.ivy2/cache/org.apache.xmlgraphics/xmlgraphics-commons/jars/xmlgraphics-commons-1.3.1.jar
7f40539cf000-7f40539e0000 r--s 0014c000 08:08 4603112                    /home/yuto/.ivy2/cache/jfree/jfreechart/jars/jfreechart-1.0.13.jar
7f40539e0000-7f40539ea000 r--s 0006e000 08:08 3544159                    /home/yuto/.ivy2/cache/jfree/jcommon/jars/jcommon-1.0.16.jar
7f40539ea000-7f40539ee000 r--s 0002a000 08:08 3294031                    /home/yuto/.ivy2/cache/org.scalanlp/breeze-viz_2.11/jars/breeze-viz_2.11-0.11.2.jar
7f40539ee000-7f40539f0000 r--s 00088000 08:08 5122845                    /home/yuto/.ivy2/cache/com.github.fommil.netlib/netlib-native_system-win-i686/jars/netlib-native_system-win-i686-1.1-natives.jar
7f40539f0000-7f40539f1000 r--s 0009b000 08:08 5122843                    /home/yuto/.ivy2/cache/com.github.fommil.netlib/netlib-native_system-win-x86_64/jars/netlib-native_system-win-x86_64-1.1-natives.jar
7f40539f1000-7f40539f2000 r--s 0004b000 08:08 5122841                    /home/yuto/.ivy2/cache/com.github.fommil.netlib/netlib-native_system-linux-armhf/jars/netlib-native_system-linux-armhf-1.1-natives.jar
7f40539f2000-7f40539f3000 r--s 0006a000 08:08 5122839                    /home/yuto/.ivy2/cache/com.github.fommil.netlib/netlib-native_system-linux-i686/jars/netlib-native_system-linux-i686-1.1-natives.jar
7f40539f3000-7f40539f4000 r--s 0006f000 08:08 5122837                    /home/yuto/.ivy2/cache/com.github.fommil.netlib/netlib-native_system-linux-x86_64/jars/netlib-native_system-linux-x86_64-1.1-natives.jar
7f40539f4000-7f40539f5000 r--s 0000d000 08:08 5122871                    /home/yuto/.ivy2/cache/com.github.fommil.netlib/native_system-java/jars/native_system-java-1.1.jar
7f40539f5000-7f40539f6000 r--s 00087000 08:08 5122835                    /home/yuto/.ivy2/cache/com.github.fommil.netlib/netlib-native_system-osx-x86_64/jars/netlib-native_system-osx-x86_64-1.1-natives.jar
7f40539f6000-7f40539f7000 r--s 00126000 08:08 5122833                    /home/yuto/.ivy2/cache/com.github.fommil.netlib/netlib-native_ref-linux-armhf/jars/netlib-native_ref-linux-armhf-1.1-natives.jar
7f40539f7000-7f40539f8000 r--s 001bd000 08:08 5122831                    /home/yuto/.ivy2/cache/com.github.fommil.netlib/netlib-native_ref-win-i686/jars/netlib-native_ref-win-i686-1.1-natives.jar
7f40539f8000-7f40539f9000 r--s 00232000 08:08 5122829                    /home/yuto/.ivy2/cache/com.github.fommil.netlib/netlib-native_ref-win-x86_64/jars/netlib-native_ref-win-x86_64-1.1-natives.jar
7f40539f9000-7f4053a4e000 r--s 0069c000 08:08 6432010                    /home/yuto/.ivy2/cache/org.spire-math/spire_2.11/jars/spire_2.11-0.7.4.jar
7f4053a4e000-7f4053a6c000 r--s 00180000 08:08 3544325                    /home/yuto/.ivy2/cache/org.apache.commons/commons-math3/jars/commons-math3-3.2.jar
7f4053a6c000-7f4053a96000 r--s 0058a000 08:08 2897011                    /home/yuto/.ivy2/cache/net.sourceforge.f2j/arpack_combined_all/jars/arpack_combined_all-0.1-javadoc.jar
7f4053a96000-7f4053ae2000 r--s 003e4000 08:08 2373655                    /home/yuto/.ivy2/cache/org.scala-lang/scala-reflect/jars/scala-reflect-2.11.4.jar
7f4053ae2000-7f4053bb7000 r--s 00bff000 08:08 6430446                    /home/yuto/.ivy2/cache/org.scalanlp/breeze_2.11/jars/breeze_2.11-0.11.2.jar
7f4053bb7000-7f4053c03000 r--s 003f4000 08:08 2364645                    /home/yuto/.ivy2/cache/org.scala-lang/scala-reflect/jars/scala-reflect-2.11.5.jar
7f4053c03000-7f4053cfd000 r--s 00c95000 08:08 2364644                    /home/yuto/.ivy2/cache/org.scala-lang/scala-compiler/jars/scala-compiler-2.11.5.jar
7f4053cfd000-7f4053d00000 ---p 00000000 00:00 0 
7f4053d00000-7f4053dfe000 rw-p 00000000 00:00 0 
7f4053dfe000-7f4053e01000 ---p 00000000 00:00 0 
7f4053e01000-7f4053eff000 rw-p 00000000 00:00 0 
7f4053eff000-7f4053f02000 ---p 00000000 00:00 0 
7f4053f02000-7f4054000000 rw-p 00000000 00:00 0 
7f4054000000-7f4054988000 rw-p 00000000 00:00 0 
7f4054988000-7f4058000000 ---p 00000000 00:00 0 
7f4058000000-7f40582f3000 rw-p 00000000 00:00 0 
7f40582f3000-7f405c000000 ---p 00000000 00:00 0 
7f405c000000-7f405c021000 rw-p 00000000 00:00 0 
7f405c021000-7f4060000000 ---p 00000000 00:00 0 
7f4060000000-7f4060624000 rw-p 00000000 00:00 0 
7f4060624000-7f4064000000 ---p 00000000 00:00 0 
7f4064000000-7f4065ae2000 rw-p 00000000 00:00 0 
7f4065ae2000-7f4068000000 ---p 00000000 00:00 0 
7f4068000000-7f4068021000 rw-p 00000000 00:00 0 
7f4068021000-7f406c000000 ---p 00000000 00:00 0 
7f406c000000-7f406c021000 rw-p 00000000 00:00 0 
7f406c021000-7f4070000000 ---p 00000000 00:00 0 
7f4070000000-7f407193a000 rw-p 00000000 00:00 0 
7f407193a000-7f4074000000 ---p 00000000 00:00 0 
7f4074000000-7f4074021000 rw-p 00000000 00:00 0 
7f4074021000-7f4078000000 ---p 00000000 00:00 0 
7f4078000000-7f4078021000 rw-p 00000000 00:00 0 
7f4078021000-7f407c000000 ---p 00000000 00:00 0 
7f407c000000-7f407c0ac000 rw-p 00000000 00:00 0 
7f407c0ac000-7f4080000000 ---p 00000000 00:00 0 
7f4080000000-7f4080449000 rw-p 00000000 00:00 0 
7f4080449000-7f4084000000 ---p 00000000 00:00 0 
7f4084000000-7f40840c5000 rw-p 00000000 00:00 0 
7f40840c5000-7f4088000000 ---p 00000000 00:00 0 
7f4088000000-7f4088111000 rw-p 00000000 00:00 0 
7f4088111000-7f408c000000 ---p 00000000 00:00 0 
7f408c000000-7f408c0fc000 rw-p 00000000 00:00 0 
7f408c0fc000-7f4090000000 ---p 00000000 00:00 0 
7f4090000000-7f4090001000 r--s 0016b000 08:08 4984247                    /home/yuto/.ivy2/cache/com.github.fommil.netlib/netlib-native_ref-linux-i686/jars/netlib-native_ref-linux-i686-1.1-natives.jar
7f4090001000-7f4090003000 r--s 001aa000 08:08 4984245                    /home/yuto/.ivy2/cache/com.github.fommil.netlib/netlib-native_ref-linux-x86_64/jars/netlib-native_ref-linux-x86_64-1.1-natives.jar
7f4090003000-7f4090005000 r--s 00001000 08:08 5122849                    /home/yuto/.ivy2/cache/com.github.fommil/jniloader/jars/jniloader-1.1.jar
7f4090005000-7f4090006000 r--s 0000d000 08:08 5122847                    /home/yuto/.ivy2/cache/com.github.fommil.netlib/native_ref-java/jars/native_ref-java-1.1.jar
7f4090006000-7f4090008000 r--s 001c0000 08:08 4984243                    /home/yuto/.ivy2/cache/com.github.fommil.netlib/netlib-native_ref-osx-x86_64/jars/netlib-native_ref-osx-x86_64-1.1-natives.jar
7f4090008000-7f4090009000 r--s 00000000 08:08 6430510                    /home/yuto/.ivy2/cache/org.scalanlp/breeze-natives_2.11/jars/breeze-natives_2.11-0.11.2.jar
7f4090009000-7f409000b000 r--s 00014000 08:08 6432014                    /home/yuto/.ivy2/cache/org.spire-math/spire-macros_2.11/jars/spire-macros_2.11-0.7.4.jar
7f409000b000-7f4090011000 r--s 00034000 08:08 4857131                    /home/yuto/.ivy2/cache/junit/junit/jars/junit-4.8.2.jar
7f4090011000-7f409001c000 r--s 000b0000 08:08 3150434                    /home/yuto/.ivy2/cache/com.github.rwl/jtransforms/jars/jtransforms-2.4.0.jar
7f409001c000-7f409001d000 r--s 00004000 08:08 3017642                    /home/yuto/.ivy2/cache/net.sf.opencsv/opencsv/jars/opencsv-2.3.jar
7f409001d000-7f409002f000 r--s 00112000 08:08 2897009                    /home/yuto/.ivy2/cache/net.sourceforge.f2j/arpack_combined_all/jars/arpack_combined_all-0.1.jar
7f409002f000-7f4090031000 r--s 00027000 08:08 2770314                    /home/yuto/.ivy2/cache/com.github.fommil.netlib/core/jars/core-1.1.2.jar
7f4090031000-7f4090035000 r--s 0001e000 08:08 6430447                    /home/yuto/.ivy2/cache/org.scalanlp/breeze-macros_2.11/jars/breeze-macros_2.11-0.11.2.jar
7f4090035000-7f4090039000 r--s 00031000 08:08 2364648                    /home/yuto/.ivy2/cache/jline/jline/jars/jline-2.12.jar
7f4090039000-7f4090092000 r--s 004f9000 08:08 2364054                    /home/yuto/.ivy2/cache/org.scala-lang/scala-library/jars/scala-library-2.11.5.jar
7f4090092000-7f4090095000 ---p 00000000 00:00 0 
7f4090095000-7f4090193000 rw-p 00000000 00:00 0 
7f4090193000-7f4090196000 ---p 00000000 00:00 0 
7f4090196000-7f4090294000 rw-p 00000000 00:00 0 
7f4090294000-7f4090297000 ---p 00000000 00:00 0 
7f4090297000-7f4090395000 rw-p 00000000 00:00 0 
7f4090395000-7f409039a000 r--s 0004d000 08:08 1453189                    /usr/lib/jvm/java-7-openjdk-amd64/jre/lib/jsse.jar
7f409039a000-7f40903a5000 r--s 0005b000 08:08 2364647                    /home/yuto/.ivy2/cache/org.scala-lang.modules/scala-parser-combinators_2.11/bundles/scala-parser-combinators_2.11-1.0.3.jar
7f40903a5000-7f40903b0000 r--s 00094000 08:08 2364646                    /home/yuto/.ivy2/cache/org.scala-lang.modules/scala-xml_2.11/bundles/scala-xml_2.11-1.0.3.jar
7f40903b0000-7f40903b4000 r--s 00022000 08:08 2624666                    /home/yuto/.ivy2/cache/scala_2.10/sbt_0.13/com.eed3si9n/sbt-assembly/jars/sbt-assembly-0.11.2.jar
7f40903b4000-7f40903b7000 r--s 00024000 08:08 2647086                    /home/yuto/.ivy2/cache/commons-io/commons-io/jars/commons-io-2.0.1.jar
7f40903b7000-7f40903bf000 r--s 00052000 08:08 2647083                    /home/yuto/.ivy2/cache/scala_2.10/sbt_0.13/com.github.mpeltonen/sbt-idea/jars/sbt-idea-1.6.0.jar
7f40903bf000-7f40903c9000 r--s 000ae000 08:08 1453121                    /usr/lib/jvm/java-7-openjdk-amd64/jre/lib/resources.jar
7f40903c9000-7f40903d0000 r--s 00000000 08:08 1762717                    /usr/lib/x86_64-linux-gnu/gconv/gconv-modules.cache
7f40903d0000-7f40903f6000 r--p 00000000 08:08 2101123                    /usr/share/locale-langpack/ja/LC_MESSAGES/libc.mo
7f40903f6000-7f40903f9000 r--s 00009000 08:08 5117351                    /home/yuto/.sbt/boot/scala-2.10.2/org.scala-sbt/sbt/0.13.0/xsbti/interface-0.13.0.jar
7f40903f9000-7f40903ff000 r--s 00042000 08:08 4990753                    /home/yuto/.sbt/boot/scala-2.10.2/org.scala-sbt/sbt/0.13.0/api-0.13.0.jar
7f40903ff000-7f4090406000 r--s 00058000 08:08 4990762                    /home/yuto/.sbt/boot/scala-2.10.2/org.scala-sbt/sbt/0.13.0/collections-0.13.0.jar
7f4090406000-7f4090409000 r--s 0000e000 08:08 4990767                    /home/yuto/.sbt/boot/scala-2.10.2/org.scala-sbt/sbt/0.13.0/compiler-integration-0.13.0.jar
7f4090409000-7f409040c000 r--s 00012000 08:08 4990756                    /home/yuto/.sbt/boot/scala-2.10.2/org.scala-sbt/sbt/0.13.0/classfile-0.13.0.jar
7f409040c000-7f4090414000 r--s 0005e000 08:08 4990769                    /home/yuto/.sbt/boot/scala-2.10.2/org.scala-sbt/sbt/0.13.0/actions-0.13.0.jar
7f4090414000-7f4090417000 r--s 0001a000 08:08 4990752                    /home/yuto/.sbt/boot/scala-2.10.2/org.scala-sbt/sbt/0.13.0/cache-0.13.0.jar
7f4090417000-7f4090418000 r--s 00005000 08:08 4990772                    /home/yuto/.sbt/boot/scala-2.10.2/org.scala-sbt/sbt/0.13.0/sbt-0.13.0.jar
7f4090418000-7f409041c000 r--s 00031000 08:08 4990759                    /home/yuto/.sbt/boot/scala-2.10.2/org.scala-sbt/sbt/0.13.0/command-0.13.0.jar
7f409041c000-7f409041e000 r--s 00001000 08:08 4990764                    /home/yuto/.sbt/boot/scala-2.10.2/org.scala-sbt/sbt/0.13.0/launcher-interface-0.13.0.jar
7f409041e000-7f4090421000 r--s 00018000 08:08 4990773                    /home/yuto/.sbt/boot/scala-2.10.2/org.scala-sbt/sbt/0.13.0/logging-0.13.0.jar
7f4090421000-7f4090424000 r--s 00030000 08:08 4990747                    /home/yuto/.sbt/boot/scala-2.10.2/org.scala-sbt/sbt/0.13.0/jline-2.11.jar
7f4090424000-7f4090426000 r--s 00013000 08:08 4990743                    /home/yuto/.sbt/boot/scala-2.10.2/org.scala-sbt/sbt/0.13.0/classpath-0.13.0.jar
7f4090426000-7f4090430000 r--s 00084000 08:08 4990760                    /home/yuto/.sbt/boot/scala-2.10.2/org.scala-sbt/sbt/0.13.0/main-settings-0.13.0.jar
7f4090430000-7f409043b000 r--s 00099000 08:08 4990776                    /home/yuto/.sbt/boot/scala-2.10.2/org.scala-sbt/sbt/0.13.0/ivy-0.13.0.jar
7f409043b000-7f4090441000 r--s 0003d000 08:08 4990775                    /home/yuto/.sbt/boot/scala-2.10.2/org.scala-sbt/sbt/0.13.0/io-0.13.0.jar
7f4090441000-7f4090442000 r--s 00005000 08:08 4990771                    /home/yuto/.sbt/boot/scala-2.10.2/org.scala-sbt/sbt/0.13.0/relation-0.13.0.jar
7f4090442000-7f4090444000 r--s 00002000 08:08 4990757                    /home/yuto/.sbt/boot/scala-2.10.2/org.scala-sbt/sbt/0.13.0/control-0.13.0.jar
7f4090444000-7f4090449000 r--s 0003b000 08:08 4990735                    /home/yuto/.sbt/boot/scala-2.10.2/org.scala-sbt/sbt/0.13.0/incremental-compiler-0.13.0.jar
7f4090449000-7f409044b000 r--s 00002000 08:08 4990746                    /home/yuto/.sbt/boot/scala-2.10.2/org.scala-sbt/sbt/0.13.0/test-interface-1.0.jar
7f409044b000-7f4090450000 r--s 0001f000 08:08 4990758                    /home/yuto/.sbt/boot/scala-2.10.2/org.scala-sbt/sbt/0.13.0/persist-0.13.0.jar
7f4090450000-7f4090453000 r--s 00013000 08:08 4990768                    /home/yuto/.sbt/boot/scala-2.10.2/org.scala-sbt/sbt/0.13.0/testing-0.13.0.jar
7f4090453000-7f4090457000 r--s 00022000 08:08 4990738                    /home/yuto/.sbt/boot/scala-2.10.2/org.scala-sbt/sbt/0.13.0/sbinary_2.10-0.4.2.jar
7f4090457000-7f4090459000 r--s 00001000 08:08 4990766                    /home/yuto/.sbt/boot/scala-2.10.2/org.scala-sbt/sbt/0.13.0/cross-0.13.0.jar
7f4090459000-7f409045c000 r--s 0001d000 08:08 4990733                    /home/yuto/.sbt/boot/scala-2.10.2/org.scala-sbt/sbt/0.13.0/tasks-0.13.0.jar
7f409045c000-7f409045f000 r--s 0001b000 08:08 4990745                    /home/yuto/.sbt/boot/scala-2.10.2/org.scala-sbt/sbt/0.13.0/process-0.13.0.jar
7f409045f000-7f4090463000 r--s 0001d000 08:08 4990761                    /home/yuto/.sbt/boot/scala-2.10.2/org.scala-sbt/sbt/0.13.0/task-system-0.13.0.jar
7f4090463000-7f4090465000 r--s 00001000 08:08 4990744                    /home/yuto/.sbt/boot/scala-2.10.2/org.scala-sbt/sbt/0.13.0/compiler-ivy-integration-0.13.0.jar
7f4090465000-7f4090469000 r--s 00034000 08:08 4990748                    /home/yuto/.sbt/boot/scala-2.10.2/org.scala-sbt/sbt/0.13.0/jsch-0.1.46.jar
7f4090469000-7f409046c000 r--s 00017000 08:08 4990774                    /home/yuto/.sbt/boot/scala-2.10.2/org.scala-sbt/sbt/0.13.0/run-0.13.0.jar
7f409046c000-7f409048f000 r--s 001c3000 08:08 4990732                    /home/yuto/.sbt/boot/scala-2.10.2/org.scala-sbt/sbt/0.13.0/main-0.13.0.jar
7f409048f000-7f4090491000 r--s 00004000 08:08 4990765                    /home/yuto/.sbt/boot/scala-2.10.2/org.scala-sbt/sbt/0.13.0/test-agent-0.13.0.jar
7f4090491000-7f40904c6000 r--s 002d2000 08:08 4990749                    /home/yuto/.sbt/boot/scala-2.10.2/org.scala-sbt/sbt/0.13.0/scala-reflect-2.10.2.jar
7f40904c6000-7f40905c3000 r--s 00cc2000 08:08 5117357                    /home/yuto/.sbt/boot/scala-2.10.2/lib/scala-compiler.jar
7f40905c3000-7f4090635000 r--s 00659000 08:08 5117358                    /home/yuto/.sbt/boot/scala-2.10.2/lib/scala-library.jar
7f4090635000-7f409066a000 r--s 002d2000 08:08 5117356                    /home/yuto/.sbt/boot/scala-2.10.2/lib/scala-reflect.jar
7f409066a000-7f409067a000 r-xp 00000000 08:08 1454819                    /usr/lib/jvm/java-7-openjdk-amd64/jre/lib/amd64/libnio.so
7f409067a000-7f409087a000 ---p 00010000 08:08 1454819                    /usr/lib/jvm/java-7-openjdk-amd64/jre/lib/amd64/libnio.so
7f409087a000-7f409087b000 r--p 00010000 08:08 1454819                    /usr/lib/jvm/java-7-openjdk-amd64/jre/lib/amd64/libnio.so
7f409087b000-7f409087c000 rw-p 00011000 08:08 1454819                    /usr/lib/jvm/java-7-openjdk-amd64/jre/lib/amd64/libnio.so
7f409087c000-7f40908b9000 r-xp 00000000 08:08 4063893                    /lib/x86_64-linux-gnu/libpcre.so.3.13.1
7f40908b9000-7f4090ab8000 ---p 0003d000 08:08 4063893                    /lib/x86_64-linux-gnu/libpcre.so.3.13.1
7f4090ab8000-7f4090ab9000 r--p 0003c000 08:08 4063893                    /lib/x86_64-linux-gnu/libpcre.so.3.13.1
7f4090ab9000-7f4090aba000 rw-p 0003d000 08:08 4063893                    /lib/x86_64-linux-gnu/libpcre.so.3.13.1
7f4090aba000-7f4090ac1000 r-xp 00000000 08:08 1450286                    /usr/lib/x86_64-linux-gnu/libffi.so.6.0.1
7f4090ac1000-7f4090cc0000 ---p 00007000 08:08 1450286                    /usr/lib/x86_64-linux-gnu/libffi.so.6.0.1
7f4090cc0000-7f4090cc1000 r--p 00006000 08:08 1450286                    /usr/lib/x86_64-linux-gnu/libffi.so.6.0.1
7f4090cc1000-7f4090cc2000 rw-p 00007000 08:08 1450286                    /usr/lib/x86_64-linux-gnu/libffi.so.6.0.1
7f4090cc2000-7f4090cd9000 r-xp 00000000 08:08 4063815                    /lib/x86_64-linux-gnu/libresolv-2.19.so
7f4090cd9000-7f4090ed9000 ---p 00017000 08:08 4063815                    /lib/x86_64-linux-gnu/libresolv-2.19.so
7f4090ed9000-7f4090eda000 r--p 00017000 08:08 4063815                    /lib/x86_64-linux-gnu/libresolv-2.19.so
7f4090eda000-7f4090edb000 rw-p 00018000 08:08 4063815                    /lib/x86_64-linux-gnu/libresolv-2.19.so
7f4090edb000-7f4090edd000 rw-p 00000000 00:00 0 
7f4090edd000-7f4090efd000 r-xp 00000000 08:08 4063237                    /lib/x86_64-linux-gnu/libselinux.so.1
7f4090efd000-7f40910fc000 ---p 00020000 08:08 4063237                    /lib/x86_64-linux-gnu/libselinux.so.1
7f40910fc000-7f40910fd000 r--p 0001f000 08:08 4063237                    /lib/x86_64-linux-gnu/libselinux.so.1
7f40910fd000-7f40910fe000 rw-p 00020000 08:08 4063237                    /lib/x86_64-linux-gnu/libselinux.so.1
7f40910fe000-7f4091100000 rw-p 00000000 00:00 0 
7f4091100000-7f4091103000 r-xp 00000000 08:08 1442156                    /usr/lib/x86_64-linux-gnu/libgmodule-2.0.so.0.4002.0
7f4091103000-7f4091302000 ---p 00003000 08:08 1442156                    /usr/lib/x86_64-linux-gnu/libgmodule-2.0.so.0.4002.0
7f4091302000-7f4091303000 r--p 00002000 08:08 1442156                    /usr/lib/x86_64-linux-gnu/libgmodule-2.0.so.0.4002.0
7f4091303000-7f4091304000 rw-p 00003000 08:08 1442156                    /usr/lib/x86_64-linux-gnu/libgmodule-2.0.so.0.4002.0
7f4091304000-7f409140a000 r-xp 00000000 08:08 4063404                    /lib/x86_64-linux-gnu/libglib-2.0.so.0.4002.0
7f409140a000-7f4091609000 ---p 00106000 08:08 4063404                    /lib/x86_64-linux-gnu/libglib-2.0.so.0.4002.0
7f4091609000-7f409160a000 r--p 00105000 08:08 4063404                    /lib/x86_64-linux-gnu/libglib-2.0.so.0.4002.0
7f409160a000-7f409160b000 rw-p 00106000 08:08 4063404                    /lib/x86_64-linux-gnu/libglib-2.0.so.0.4002.0
7f409160b000-7f409160c000 rw-p 00000000 00:00 0 
7f409160c000-7f409165b000 r-xp 00000000 08:08 1442174                    /usr/lib/x86_64-linux-gnu/libgobject-2.0.so.0.4002.0
7f409165b000-7f409185b000 ---p 0004f000 08:08 1442174                    /usr/lib/x86_64-linux-gnu/libgobject-2.0.so.0.4002.0
7f409185b000-7f409185c000 r--p 0004f000 08:08 1442174                    /usr/lib/x86_64-linux-gnu/libgobject-2.0.so.0.4002.0
7f409185c000-7f409185d000 rw-p 00050000 08:08 1442174                    /usr/lib/x86_64-linux-gnu/libgobject-2.0.so.0.4002.0
7f409185d000-7f40919c9000 r-xp 00000000 08:08 1442178                    /usr/lib/x86_64-linux-gnu/libgio-2.0.so.0.4002.0
7f40919c9000-7f4091bc8000 ---p 0016c000 08:08 1442178                    /usr/lib/x86_64-linux-gnu/libgio-2.0.so.0.4002.0
7f4091bc8000-7f4091bcc000 r--p 0016b000 08:08 1442178                    /usr/lib/x86_64-linux-gnu/libgio-2.0.so.0.4002.0
7f4091bcc000-7f4091bce000 rw-p 0016f000 08:08 1442178                    /usr/lib/x86_64-linux-gnu/libgio-2.0.so.0.4002.0
7f4091bce000-7f4091bd0000 rw-p 00000000 00:00 0 
7f4091bd0000-7f4091bd1000 r--s 0000a000 08:08 4990763                    /home/yuto/.sbt/boot/scala-2.10.2/org.scala-sbt/sbt/0.13.0/tracking-0.13.0.jar
7f4091bd1000-7f4091be6000 r--s 00114000 08:08 4990734                    /home/yuto/.sbt/boot/scala-2.10.2/org.scala-sbt/sbt/0.13.0/ivy-2.3.0-rc1.jar
7f4091be6000-7f4091bed000 r--s 00053000 08:08 4990770                    /home/yuto/.sbt/boot/scala-2.10.2/org.scala-sbt/sbt/0.13.0/completion-0.13.0.jar
7f4091bed000-7f4091c04000 r-xp 00000000 08:08 1454814                    /usr/lib/jvm/java-7-openjdk-amd64/jre/lib/amd64/libnet.so
7f4091c04000-7f4091e03000 ---p 00017000 08:08 1454814                    /usr/lib/jvm/java-7-openjdk-amd64/jre/lib/amd64/libnet.so
7f4091e03000-7f4091e04000 r--p 00016000 08:08 1454814                    /usr/lib/jvm/java-7-openjdk-amd64/jre/lib/amd64/libnet.so
7f4091e04000-7f4091e05000 rw-p 00017000 08:08 1454814                    /usr/lib/jvm/java-7-openjdk-amd64/jre/lib/amd64/libnet.so
7f4091e05000-7f4091e1e000 r--s 000fc000 08:08 7602393                    /home/yuto/.IntelliJIdea14/system/sbt/sbt-launch.jar
7f4091e1e000-7f4091e1f000 ---p 00000000 00:00 0 
7f4091e1f000-7f4091f1f000 rw-p 00000000 00:00 0                          [stack:25590]
7f4091f1f000-7f4091f22000 ---p 00000000 00:00 0 
7f4091f22000-7f4092020000 rw-p 00000000 00:00 0                          [stack:25589]
7f4092020000-7f4092023000 ---p 00000000 00:00 0 
7f4092023000-7f4092121000 rw-p 00000000 00:00 0                          [stack:25588]
7f4092121000-7f4092124000 ---p 00000000 00:00 0 
7f4092124000-7f4092222000 rw-p 00000000 00:00 0                          [stack:25587]
7f4092222000-7f4092225000 ---p 00000000 00:00 0 
7f4092225000-7f4092323000 rw-p 00000000 00:00 0                          [stack:25586]
7f4092323000-7f4092af3000 r--p 00000000 08:08 1448958                    /usr/lib/locale/locale-archive
7f4092af3000-7f4092af6000 ---p 00000000 00:00 0 
7f4092af6000-7f4092bf4000 rw-p 00000000 00:00 0                          [stack:25585]
7f4092bf4000-7f4092bf7000 ---p 00000000 00:00 0 
7f4092bf7000-7f4092cf5000 rw-p 00000000 00:00 0                          [stack:25584]
7f4092cf5000-7f4092cf6000 ---p 00000000 00:00 0 
7f4092cf6000-7f4095000000 rw-p 00000000 00:00 0                          [stack:25583]
7f4095000000-7f40969e0000 rwxp 00000000 00:00 0 
7f40969e0000-7f4099006000 rw-p 00000000 00:00 0 
7f4099006000-7f409c000000 ---p 00000000 00:00 0 
7f409c000000-7f409c002000 r--s 00012000 08:08 4990751                    /home/yuto/.sbt/boot/scala-2.10.2/org.scala-sbt/sbt/0.13.0/apply-macro-0.13.0.jar
7f409c002000-7f409c550000 rw-p 00000000 00:00 0 
7f409c550000-7f409c701000 r--s 01d29000 08:08 1446963                    /usr/lib/jvm/java-7-openjdk-amd64/jre/lib/rt.jar
7f409c701000-7f409c952000 rw-p 00000000 00:00 0 
7f409c952000-7f409c953000 ---p 00000000 00:00 0 
7f409c953000-7f409ca53000 rw-p 00000000 00:00 0                          [stack:25582]
7f409ca53000-7f409ca54000 ---p 00000000 00:00 0 
7f409ca54000-7f409cb54000 rw-p 00000000 00:00 0                          [stack:25581]
7f409cb54000-7f409cb55000 ---p 00000000 00:00 0 
7f409cb55000-7f409cc55000 rw-p 00000000 00:00 0                          [stack:25580]
7f409cc55000-7f409cc56000 ---p 00000000 00:00 0 
7f409cc56000-7f409cdd6000 rw-p 00000000 00:00 0                          [stack:25579]
7f409cdd6000-7f409ce27000 rw-p 00000000 00:00 0 
7f409ce27000-7f409ce48000 ---p 00000000 00:00 0 
7f409ce48000-7f409ce81000 rw-p 00000000 00:00 0 
7f409ce81000-7f409cf01000 rw-p 00000000 00:00 0 
7f409cf01000-7f409cf52000 rw-p 00000000 00:00 0 
7f409cf52000-7f409cf73000 ---p 00000000 00:00 0 
7f409cf73000-7f409cfab000 rw-p 00000000 00:00 0 
7f409cfab000-7f409d000000 rw-p 00000000 00:00 0 
7f409d000000-7f409d001000 ---p 00000000 00:00 0 
7f409d001000-7f409d002000 rw-p 00000000 00:00 0 
7f409d002000-7f409d00a000 r-xp 00000000 08:08 1454788                    /usr/lib/jvm/java-7-openjdk-amd64/jre/lib/amd64/libzip.so
7f409d00a000-7f409d209000 ---p 00008000 08:08 1454788                    /usr/lib/jvm/java-7-openjdk-amd64/jre/lib/amd64/libzip.so
7f409d209000-7f409d20a000 r--p 00007000 08:08 1454788                    /usr/lib/jvm/java-7-openjdk-amd64/jre/lib/amd64/libzip.so
7f409d20a000-7f409d20b000 rw-p 00008000 08:08 1454788                    /usr/lib/jvm/java-7-openjdk-amd64/jre/lib/amd64/libzip.so
7f409d20b000-7f409d216000 r-xp 00000000 08:08 4092023                    /lib/x86_64-linux-gnu/libnss_files-2.19.so
7f409d216000-7f409d415000 ---p 0000b000 08:08 4092023                    /lib/x86_64-linux-gnu/libnss_files-2.19.so
7f409d415000-7f409d416000 r--p 0000a000 08:08 4092023                    /lib/x86_64-linux-gnu/libnss_files-2.19.so
7f409d416000-7f409d417000 rw-p 0000b000 08:08 4092023                    /lib/x86_64-linux-gnu/libnss_files-2.19.so
7f409d417000-7f409d422000 r-xp 00000000 08:08 4092044                    /lib/x86_64-linux-gnu/libnss_nis-2.19.so
7f409d422000-7f409d621000 ---p 0000b000 08:08 4092044                    /lib/x86_64-linux-gnu/libnss_nis-2.19.so
7f409d621000-7f409d622000 r--p 0000a000 08:08 4092044                    /lib/x86_64-linux-gnu/libnss_nis-2.19.so
7f409d622000-7f409d623000 rw-p 0000b000 08:08 4092044                    /lib/x86_64-linux-gnu/libnss_nis-2.19.so
7f409d623000-7f409d63a000 r-xp 00000000 08:08 4092033                    /lib/x86_64-linux-gnu/libnsl-2.19.so
7f409d63a000-7f409d839000 ---p 00017000 08:08 4092033                    /lib/x86_64-linux-gnu/libnsl-2.19.so
7f409d839000-7f409d83a000 r--p 00016000 08:08 4092033                    /lib/x86_64-linux-gnu/libnsl-2.19.so
7f409d83a000-7f409d83b000 rw-p 00017000 08:08 4092033                    /lib/x86_64-linux-gnu/libnsl-2.19.so
7f409d83b000-7f409d83d000 rw-p 00000000 00:00 0 
7f409d83d000-7f409d846000 r-xp 00000000 08:08 4092032                    /lib/x86_64-linux-gnu/libnss_compat-2.19.so
7f409d846000-7f409da45000 ---p 00009000 08:08 4092032                    /lib/x86_64-linux-gnu/libnss_compat-2.19.so
7f409da45000-7f409da46000 r--p 00008000 08:08 4092032                    /lib/x86_64-linux-gnu/libnss_compat-2.19.so
7f409da46000-7f409da47000 rw-p 00009000 08:08 4092032                    /lib/x86_64-linux-gnu/libnss_compat-2.19.so
7f409da47000-7f409da72000 r-xp 00000000 08:08 1454822                    /usr/lib/jvm/java-7-openjdk-amd64/jre/lib/amd64/libjava.so
7f409da72000-7f409dc71000 ---p 0002b000 08:08 1454822                    /usr/lib/jvm/java-7-openjdk-amd64/jre/lib/amd64/libjava.so
7f409dc71000-7f409dc72000 r--p 0002a000 08:08 1454822                    /usr/lib/jvm/java-7-openjdk-amd64/jre/lib/amd64/libjava.so
7f409dc72000-7f409dc74000 rw-p 0002b000 08:08 1454822                    /usr/lib/jvm/java-7-openjdk-amd64/jre/lib/amd64/libjava.so
7f409dc74000-7f409dc84000 r-xp 00000000 08:08 1454804                    /usr/lib/jvm/java-7-openjdk-amd64/jre/lib/amd64/libverify.so
7f409dc84000-7f409de83000 ---p 00010000 08:08 1454804                    /usr/lib/jvm/java-7-openjdk-amd64/jre/lib/amd64/libverify.so
7f409de83000-7f409de85000 r--p 0000f000 08:08 1454804                    /usr/lib/jvm/java-7-openjdk-amd64/jre/lib/amd64/libverify.so
7f409de85000-7f409de86000 rw-p 00011000 08:08 1454804                    /usr/lib/jvm/java-7-openjdk-amd64/jre/lib/amd64/libverify.so
7f409de86000-7f409de8d000 r-xp 00000000 08:08 4092041                    /lib/x86_64-linux-gnu/librt-2.19.so
7f409de8d000-7f409e08c000 ---p 00007000 08:08 4092041                    /lib/x86_64-linux-gnu/librt-2.19.so
7f409e08c000-7f409e08d000 r--p 00006000 08:08 4092041                    /lib/x86_64-linux-gnu/librt-2.19.so
7f409e08d000-7f409e08e000 rw-p 00007000 08:08 4092041                    /lib/x86_64-linux-gnu/librt-2.19.so
7f409e08e000-7f409e0a4000 r-xp 00000000 08:08 4063323                    /lib/x86_64-linux-gnu/libgcc_s.so.1
7f409e0a4000-7f409e2a3000 ---p 00016000 08:08 4063323                    /lib/x86_64-linux-gnu/libgcc_s.so.1
7f409e2a3000-7f409e2a4000 rw-p 00015000 08:08 4063323                    /lib/x86_64-linux-gnu/libgcc_s.so.1
7f409e2a4000-7f409e3a9000 r-xp 00000000 08:08 4063830                    /lib/x86_64-linux-gnu/libm-2.19.so
7f409e3a9000-7f409e5a8000 ---p 00105000 08:08 4063830                    /lib/x86_64-linux-gnu/libm-2.19.so
7f409e5a8000-7f409e5a9000 r--p 00104000 08:08 4063830                    /lib/x86_64-linux-gnu/libm-2.19.so
7f409e5a9000-7f409e5aa000 rw-p 00105000 08:08 4063830                    /lib/x86_64-linux-gnu/libm-2.19.so
7f409e5aa000-7f409e690000 r-xp 00000000 08:08 1446047                    /usr/lib/x86_64-linux-gnu/libstdc++.so.6.0.19
7f409e690000-7f409e88f000 ---p 000e6000 08:08 1446047                    /usr/lib/x86_64-linux-gnu/libstdc++.so.6.0.19
7f409e88f000-7f409e897000 r--p 000e5000 08:08 1446047                    /usr/lib/x86_64-linux-gnu/libstdc++.so.6.0.19
7f409e897000-7f409e899000 rw-p 000ed000 08:08 1446047                    /usr/lib/x86_64-linux-gnu/libstdc++.so.6.0.19
7f409e899000-7f409e8ae000 rw-p 00000000 00:00 0 
7f409e8ae000-7f409f3c7000 r-xp 00000000 08:08 1454792                    /usr/lib/jvm/java-7-openjdk-amd64/jre/lib/amd64/server/libjvm.so
7f409f3c7000-7f409f5c7000 ---p 00b19000 08:08 1454792                    /usr/lib/jvm/java-7-openjdk-amd64/jre/lib/amd64/server/libjvm.so
7f409f5c7000-7f409f661000 r--p 00b19000 08:08 1454792                    /usr/lib/jvm/java-7-openjdk-amd64/jre/lib/amd64/server/libjvm.so
7f409f661000-7f409f684000 rw-p 00bb3000 08:08 1454792                    /usr/lib/jvm/java-7-openjdk-amd64/jre/lib/amd64/server/libjvm.so
7f409f684000-7f409f6b2000 rw-p 00000000 00:00 0 
7f409f6b2000-7f409f6ca000 r-xp 00000000 08:08 4067392                    /lib/x86_64-linux-gnu/libz.so.1.2.8
7f409f6ca000-7f409f8c9000 ---p 00018000 08:08 4067392                    /lib/x86_64-linux-gnu/libz.so.1.2.8
7f409f8c9000-7f409f8ca000 r--p 00017000 08:08 4067392                    /lib/x86_64-linux-gnu/libz.so.1.2.8
7f409f8ca000-7f409f8cb000 rw-p 00018000 08:08 4067392                    /lib/x86_64-linux-gnu/libz.so.1.2.8
7f409f8cb000-7f409f8e4000 r-xp 00000000 08:08 4092039                    /lib/x86_64-linux-gnu/libpthread-2.19.so
7f409f8e4000-7f409fae3000 ---p 00019000 08:08 4092039                    /lib/x86_64-linux-gnu/libpthread-2.19.so
7f409fae3000-7f409fae4000 r--p 00018000 08:08 4092039                    /lib/x86_64-linux-gnu/libpthread-2.19.so
7f409fae4000-7f409fae5000 rw-p 00019000 08:08 4092039                    /lib/x86_64-linux-gnu/libpthread-2.19.so
7f409fae5000-7f409fae9000 rw-p 00000000 00:00 0 
7f409fae9000-7f409faec000 r-xp 00000000 08:08 4092027                    /lib/x86_64-linux-gnu/libdl-2.19.so
7f409faec000-7f409fceb000 ---p 00003000 08:08 4092027                    /lib/x86_64-linux-gnu/libdl-2.19.so
7f409fceb000-7f409fcec000 r--p 00002000 08:08 4092027                    /lib/x86_64-linux-gnu/libdl-2.19.so
7f409fcec000-7f409fced000 rw-p 00003000 08:08 4092027                    /lib/x86_64-linux-gnu/libdl-2.19.so
7f409fced000-7f409fea8000 r-xp 00000000 08:08 4092038                    /lib/x86_64-linux-gnu/libc-2.19.so
7f409fea8000-7f40a00a7000 ---p 001bb000 08:08 4092038                    /lib/x86_64-linux-gnu/libc-2.19.so
7f40a00a7000-7f40a00ab000 r--p 001ba000 08:08 4092038                    /lib/x86_64-linux-gnu/libc-2.19.so
7f40a00ab000-7f40a00ad000 rw-p 001be000 08:08 4092038                    /lib/x86_64-linux-gnu/libc-2.19.so
7f40a00ad000-7f40a00b2000 rw-p 00000000 00:00 0 
7f40a00b2000-7f40a00bf000 r-xp 00000000 08:08 1454790                    /usr/lib/jvm/java-7-openjdk-amd64/jre/lib/amd64/jli/libjli.so
7f40a00bf000-7f40a02be000 ---p 0000d000 08:08 1454790                    /usr/lib/jvm/java-7-openjdk-amd64/jre/lib/amd64/jli/libjli.so
7f40a02be000-7f40a02bf000 r--p 0000c000 08:08 1454790                    /usr/lib/jvm/java-7-openjdk-amd64/jre/lib/amd64/jli/libjli.so
7f40a02bf000-7f40a02c0000 rw-p 0000d000 08:08 1454790                    /usr/lib/jvm/java-7-openjdk-amd64/jre/lib/amd64/jli/libjli.so
7f40a02c0000-7f40a02e3000 r-xp 00000000 08:08 4092035                    /lib/x86_64-linux-gnu/ld-2.19.so
7f40a02e3000-7f40a02e6000 r--s 00019000 08:08 4990750                    /home/yuto/.sbt/boot/scala-2.10.2/org.scala-sbt/sbt/0.13.0/compile-0.13.0.jar
7f40a02e6000-7f40a02ea000 r--s 00025000 08:08 5117359                    /home/yuto/.sbt/boot/scala-2.10.2/lib/jline.jar
7f40a02ea000-7f40a02ed000 r--s 00018000 08:08 5117355                    /home/yuto/.sbt/boot/scala-2.10.2/lib/jansi.jar
7f40a02ed000-7f40a02f0000 r--s 0000f000 08:08 1454431                    /usr/lib/jvm/java-7-openjdk-amd64/jre/lib/ext/icedtea-sound.jar
7f40a02f0000-7f40a02f2000 r--s 00006000 08:08 1842067                    /usr/share/java/java-atk-wrapper.jar
7f40a02f2000-7f40a02f4000 r--s 00012000 08:08 1454433                    /usr/lib/jvm/java-7-openjdk-amd64/jre/lib/ext/zipfs.jar
7f40a02f4000-7f40a02f8000 r--s 00034000 08:08 1454427                    /usr/lib/jvm/java-7-openjdk-amd64/jre/lib/ext/sunjce_provider.jar
7f40a02f8000-7f40a02f9000 r--s 00002000 08:08 1454425                    /usr/lib/jvm/java-7-openjdk-amd64/jre/lib/ext/dnsns.jar
7f40a02f9000-7f40a02fd000 r--s 00085000 08:08 1454424                    /usr/lib/jvm/java-7-openjdk-amd64/jre/lib/ext/localedata.jar
7f40a02fd000-7f40a0365000 rw-p 00000000 00:00 0 
7f40a0365000-7f40a03bd000 rw-p 00000000 00:00 0 
7f40a03bd000-7f40a03c0000 ---p 00000000 00:00 0 
7f40a03c0000-7f40a04c3000 rw-p 00000000 00:00 0                          [stack:25578]
7f40a04c3000-7f40a04c7000 r--s 0003c000 08:08 1454429                    /usr/lib/jvm/java-7-openjdk-amd64/jre/lib/ext/sunpkcs11.jar
7f40a04c7000-7f40a04d6000 rw-p 00000000 00:00 0 
7f40a04d6000-7f40a04de000 rw-s 00000000 08:08 917586                     /tmp/hsperfdata_yuto/25575
7f40a04de000-7f40a04df000 rw-p 00000000 00:00 0 
7f40a04df000-7f40a04e0000 r--p 00000000 00:00 0 
7f40a04e0000-7f40a04e2000 rw-p 00000000 00:00 0 
7f40a04e2000-7f40a04e3000 r--p 00022000 08:08 4092035                    /lib/x86_64-linux-gnu/ld-2.19.so
7f40a04e3000-7f40a04e4000 rw-p 00023000 08:08 4092035                    /lib/x86_64-linux-gnu/ld-2.19.so
7f40a04e4000-7f40a04e5000 rw-p 00000000 00:00 0 
7ffef0d68000-7ffef0d89000 rw-p 00000000 00:00 0                          [stack]
7ffef0d97000-7ffef0d99000 r-xp 00000000 00:00 0                          [vdso]
ffffffffff600000-ffffffffff601000 r-xp 00000000 00:00 0                  [vsyscall]

VM Arguments:
jvm_args: -Dsbt.log.noformat=true -Djline.terminal=jline.UnsupportedTerminal -Xmx512M -XX:MaxPermSize=256M 
java_command: /home/yuto/.IntelliJIdea14/system/sbt/sbt-launch.jar
Launcher Type: SUN_STANDARD

Environment Variables:
JAVA_HOME=/home/yuto/local/jdk1.8.0_45
PATH=/usr/local/sbin:/usr/local/bin:/usr/sbin:/usr/bin:/sbin:/bin:/usr/games:/usr/local/games
LD_LIBRARY_PATH=/home/yuto/.idea/bin:
SHELL=/bin/bash
DISPLAY=:0

Signal Handlers:
SIGSEGV: [libjvm.so+0x94bab0], sa_mask[0]=0x7ffbfeff, sa_flags=0x10000004
SIGBUS: [libjvm.so+0x94bab0], sa_mask[0]=0x7ffbfeff, sa_flags=0x10000004
SIGFPE: [libjvm.so+0x7c38b0], sa_mask[0]=0x7ffbfeff, sa_flags=0x10000004
SIGPIPE: [libjvm.so+0x7c38b0], sa_mask[0]=0x7ffbfeff, sa_flags=0x10000004
SIGXFSZ: [libjvm.so+0x7c38b0], sa_mask[0]=0x7ffbfeff, sa_flags=0x10000004
SIGILL: [libjvm.so+0x7c38b0], sa_mask[0]=0x7ffbfeff, sa_flags=0x10000004
SIGUSR1: SIG_DFL, sa_mask[0]=0x00000000, sa_flags=0x00000000
SIGUSR2: [libjvm.so+0x7c3750], sa_mask[0]=0x00000004, sa_flags=0x10000004
SIGHUP: [libjvm.so+0x7c3930], sa_mask[0]=0x7ffbfeff, sa_flags=0x10000004
SIGINT: [libjvm.so+0x7c3930], sa_mask[0]=0x7ffbfeff, sa_flags=0x10000004
SIGTERM: [libjvm.so+0x7c3930], sa_mask[0]=0x7ffbfeff, sa_flags=0x10000004
SIGQUIT: [libjvm.so+0x7c3930], sa_mask[0]=0x7ffbfeff, sa_flags=0x10000004
SIGTRAP: SIG_DFL, sa_mask[0]=0x00000000, sa_flags=0x00000000


---------------  S Y S T E M  ---------------

OS:Ubuntu 14.04 (trusty)
uname:Linux 3.13.0-63-generic #103-Ubuntu SMP Fri Aug 14 21:42:59 UTC 2015 x86_64
libc:glibc 2.19 NPTL 2.19 
rlimit: STACK 8192k, CORE 0k, NPROC 62758, NOFILE 4096, AS infinity
load average:0.68 1.16 0.93

/proc/meminfo:
MemTotal:        8080344 kB
MemFree:         1713476 kB
Buffers:          376984 kB
Cached:          1900056 kB
SwapCached:            0 kB
Active:          4382788 kB
Inactive:        1465972 kB
Active(anon):    3493996 kB
Inactive(anon):   571708 kB
Active(file):     888792 kB
Inactive(file):   894264 kB
Unevictable:         228 kB
Mlocked:             228 kB
SwapTotal:       1952764 kB
SwapFree:        1949356 kB
Dirty:               156 kB
Writeback:             0 kB
AnonPages:       3551060 kB
Mapped:           392036 kB
Shmem:            493352 kB
Slab:             382008 kB
SReclaimable:     340036 kB
SUnreclaim:        41972 kB
KernelStack:        6032 kB
PageTables:        37108 kB
NFS_Unstable:          0 kB
Bounce:                0 kB
WritebackTmp:          0 kB
CommitLimit:     5992936 kB
Committed_AS:    8604036 kB
VmallocTotal:   34359738367 kB
VmallocUsed:      361008 kB
VmallocChunk:   34359339520 kB
HardwareCorrupted:     0 kB
AnonHugePages:   1648640 kB
HugePages_Total:       0
HugePages_Free:        0
HugePages_Rsvd:        0
HugePages_Surp:        0
Hugepagesize:       2048 kB
DirectMap4k:       75556 kB
DirectMap2M:     1925120 kB
DirectMap1G:     6291456 kB


CPU:total 4 (2 cores per cpu, 2 threads per core) family 6 model 69 stepping 1, cmov, cx8, fxsr, mmx, sse, sse2, sse3, ssse3, sse4.1, sse4.2, popcnt, avx, avx2, aes, erms, ht, tsc, tscinvbit

/proc/cpuinfo:
processor	: 0
vendor_id	: GenuineIntel
cpu family	: 6
model		: 69
model name	: Intel(R) Core(TM) i7-4650U CPU @ 1.70GHz
stepping	: 1
microcode	: 0x16
cpu MHz		: 1700.000
cache size	: 4096 KB
physical id	: 0
siblings	: 4
core id		: 0
cpu cores	: 2
apicid		: 0
initial apicid	: 0
fpu		: yes
fpu_exception	: yes
cpuid level	: 13
wp		: yes
flags		: fpu vme de pse tsc msr pae mce cx8 apic sep mtrr pge mca cmov pat pse36 clflush dts acpi mmx fxsr sse sse2 ss ht tm pbe syscall nx pdpe1gb rdtscp lm constant_tsc arch_perfmon pebs bts rep_good nopl xtopology nonstop_tsc aperfmperf eagerfpu pni pclmulqdq dtes64 monitor ds_cpl vmx smx est tm2 ssse3 fma cx16 xtpr pdcm pcid sse4_1 sse4_2 x2apic movbe popcnt tsc_deadline_timer aes xsave avx f16c rdrand lahf_lm abm ida arat epb xsaveopt pln pts dtherm tpr_shadow vnmi flexpriority ept vpid fsgsbase tsc_adjust bmi1 hle avx2 smep bmi2 erms invpcid rtm
bogomips	: 4589.39
clflush size	: 64
cache_alignment	: 64
address sizes	: 39 bits physical, 48 bits virtual
power management:

processor	: 1
vendor_id	: GenuineIntel
cpu family	: 6
model		: 69
model name	: Intel(R) Core(TM) i7-4650U CPU @ 1.70GHz
stepping	: 1
microcode	: 0x16
cpu MHz		: 1700.000
cache size	: 4096 KB
physical id	: 0
siblings	: 4
core id		: 1
cpu cores	: 2
apicid		: 2
initial apicid	: 2
fpu		: yes
fpu_exception	: yes
cpuid level	: 13
wp		: yes
flags		: fpu vme de pse tsc msr pae mce cx8 apic sep mtrr pge mca cmov pat pse36 clflush dts acpi mmx fxsr sse sse2 ss ht tm pbe syscall nx pdpe1gb rdtscp lm constant_tsc arch_perfmon pebs bts rep_good nopl xtopology nonstop_tsc aperfmperf eagerfpu pni pclmulqdq dtes64 monitor ds_cpl vmx smx est tm2 ssse3 fma cx16 xtpr pdcm pcid sse4_1 sse4_2 x2apic movbe popcnt tsc_deadline_timer aes xsave avx f16c rdrand lahf_lm abm ida arat epb xsaveopt pln pts dtherm tpr_shadow vnmi flexpriority ept vpid fsgsbase tsc_adjust bmi1 hle avx2 smep bmi2 erms invpcid rtm
bogomips	: 4589.39
clflush size	: 64
cache_alignment	: 64
address sizes	: 39 bits physical, 48 bits virtual
power management:

processor	: 2
vendor_id	: GenuineIntel
cpu family	: 6
model		: 69
model name	: Intel(R) Core(TM) i7-4650U CPU @ 1.70GHz
stepping	: 1
microcode	: 0x16
cpu MHz		: 1700.000
cache size	: 4096 KB
physical id	: 0
siblings	: 4
core id		: 0
cpu cores	: 2
apicid		: 1
initial apicid	: 1
fpu		: yes
fpu_exception	: yes
cpuid level	: 13
wp		: yes
flags		: fpu vme de pse tsc msr pae mce cx8 apic sep mtrr pge mca cmov pat pse36 clflush dts acpi mmx fxsr sse sse2 ss ht tm pbe syscall nx pdpe1gb rdtscp lm constant_tsc arch_perfmon pebs bts rep_good nopl xtopology nonstop_tsc aperfmperf eagerfpu pni pclmulqdq dtes64 monitor ds_cpl vmx smx est tm2 ssse3 fma cx16 xtpr pdcm pcid sse4_1 sse4_2 x2apic movbe popcnt tsc_deadline_timer aes xsave avx f16c rdrand lahf_lm abm ida arat epb xsaveopt pln pts dtherm tpr_shadow vnmi flexpriority ept vpid fsgsbase tsc_adjust bmi1 hle avx2 smep bmi2 erms invpcid rtm
bogomips	: 4589.39
clflush size	: 64
cache_alignment	: 64
address sizes	: 39 bits physical, 48 bits virtual
power management:

processor	: 3
vendor_id	: GenuineIntel
cpu family	: 6
model		: 69
model name	: Intel(R) Core(TM) i7-4650U CPU @ 1.70GHz
stepping	: 1
microcode	: 0x16
cpu MHz		: 1700.000
cache size	: 4096 KB
physical id	: 0
siblings	: 4
core id		: 1
cpu cores	: 2
apicid		: 3
initial apicid	: 3
fpu		: yes
fpu_exception	: yes
cpuid level	: 13
wp		: yes
flags		: fpu vme de pse tsc msr pae mce cx8 apic sep mtrr pge mca cmov pat pse36 clflush dts acpi mmx fxsr sse sse2 ss ht tm pbe syscall nx pdpe1gb rdtscp lm constant_tsc arch_perfmon pebs bts rep_good nopl xtopology nonstop_tsc aperfmperf eagerfpu pni pclmulqdq dtes64 monitor ds_cpl vmx smx est tm2 ssse3 fma cx16 xtpr pdcm pcid sse4_1 sse4_2 x2apic movbe popcnt tsc_deadline_timer aes xsave avx f16c rdrand lahf_lm abm ida arat epb xsaveopt pln pts dtherm tpr_shadow vnmi flexpriority ept vpid fsgsbase tsc_adjust bmi1 hle avx2 smep bmi2 erms invpcid rtm
bogomips	: 4589.39
clflush size	: 64
cache_alignment	: 64
address sizes	: 39 bits physical, 48 bits virtual
power management:



Memory: 4k page, physical 8080344k(1720008k free), swap 1952764k(1949356k free)

vm_info: OpenJDK 64-Bit Server VM (24.79-b02) for linux-amd64 JRE (1.7.0_79-b14), built on Jul 24 2015 08:15:54 by "buildd" with gcc 4.8.2

time: Tue Sep 15 11:07:49 2015
elapsed time: 65111 seconds

